<?xml version="1.0" encoding="UTF-8"?>
<coverage generated="1781930470273" clover="3.2.0">
  <project timestamp="1781930470273" name="All files">
    <metrics statements="3997" coveredstatements="2565" conditionals="3621" coveredconditionals="2217" methods="1476" coveredmethods="780" elements="9094" coveredelements="5562" complexity="0" loc="3997" ncloc="3997" packages="17" files="75" classes="75"/>
    <package name="api">
      <metrics statements="46" coveredstatements="15" conditionals="48" coveredconditionals="19" methods="21" coveredmethods="5"/>
      <file name="client.ts" path="/home/masaharu/Projects/spacer-clone/frontend/src/api/client.ts">
        <metrics statements="46" coveredstatements="15" conditionals="48" coveredconditionals="19" methods="21" coveredmethods="5"/>
        <line num="54" count="4" type="stmt"/>
        <line num="58" count="5" type="stmt"/>
        <line num="59" count="5" type="stmt"/>
        <line num="69" count="17" type="cond" truecount="4" falsecount="0"/>
        <line num="70" count="1" type="stmt"/>
        <line num="72" count="16" type="stmt"/>
        <line num="76" count="1" type="stmt"/>
        <line num="77" count="1" type="stmt"/>
        <line num="86" count="2" type="stmt"/>
        <line num="87" count="2" type="stmt"/>
        <line num="88" count="2" type="stmt"/>
        <line num="111" count="1" type="stmt"/>
        <line num="112" count="1" type="cond" truecount="1" falsecount="2"/>
        <line num="113" count="1" type="stmt"/>
        <line num="132" count="0" type="stmt"/>
        <line num="133" count="0" type="stmt"/>
        <line num="134" count="0" type="stmt"/>
        <line num="135" count="0" type="stmt"/>
        <line num="140" count="0" type="stmt"/>
        <line num="145" count="0" type="stmt"/>
        <line num="149" count="0" type="stmt"/>
        <line num="150" count="0" type="stmt"/>
        <line num="152" count="0" type="stmt"/>
        <line num="160" count="0" type="stmt"/>
        <line num="161" count="0" type="cond" truecount="0" falsecount="2"/>
        <line num="162" count="0" type="cond" truecount="0" falsecount="2"/>
        <line num="163" count="0" type="cond" truecount="0" falsecount="2"/>
        <line num="165" count="0" type="cond" truecount="0" falsecount="2"/>
        <line num="168" count="0" type="stmt"/>
        <line num="170" count="0" type="stmt"/>
        <line num="173" count="4" type="stmt"/>
        <line num="175" count="0" type="stmt"/>
        <line num="181" count="0" type="stmt"/>
        <line num="188" count="0" type="stmt"/>
        <line num="192" count="0" type="stmt"/>
        <line num="199" count="0" type="stmt"/>
        <line num="203" count="0" type="stmt"/>
        <line num="210" count="0" type="stmt"/>
        <line num="214" count="0" type="stmt"/>
        <line num="215" count="0" type="stmt"/>
        <line num="219" count="0" type="stmt"/>
        <line num="223" count="0" type="stmt"/>
        <line num="224" count="0" type="stmt"/>
        <line num="228" count="0" type="stmt"/>
        <line num="229" count="0" type="stmt"/>
        <line num="230" count="0" type="stmt"/>
      </file>
    </package>
    <package name="bridge">
      <metrics statements="225" coveredstatements="104" conditionals="133" coveredconditionals="47" methods="67" coveredmethods="32"/>
      <file name="BridgeWizard.tsx" path="/home/masaharu/Projects/spacer-clone/frontend/src/bridge/BridgeWizard.tsx">
        <metrics statements="110" coveredstatements="40" conditionals="86" coveredconditionals="33" methods="29" coveredmethods="10"/>
        <line num="26" count="6" type="stmt"/>
        <line num="27" count="6" type="stmt"/>
        <line num="28" count="6" type="stmt"/>
        <line num="29" count="6" type="stmt"/>
        <line num="30" count="6" type="stmt"/>
        <line num="31" count="6" type="stmt"/>
        <line num="32" count="6" type="stmt"/>
        <line num="33" count="6" type="stmt"/>
        <line num="36" count="6" type="stmt"/>
        <line num="37" count="3" type="cond" truecount="2" falsecount="0"/>
        <line num="38" count="2" type="stmt"/>
        <line num="39" count="2" type="stmt"/>
        <line num="40" count="2" type="stmt"/>
        <line num="42" count="2" type="cond" truecount="1" falsecount="1"/>
        <line num="43" count="2" type="stmt"/>
        <line num="46" count="0" type="cond" truecount="0" falsecount="2"/>
        <line num="47" count="0" type="cond" truecount="0" falsecount="2"/>
        <line num="49" count="2" type="stmt"/>
        <line num="50" count="2" type="stmt"/>
        <line num="54" count="6" type="stmt"/>
        <line num="56" count="6" type="stmt"/>
        <line num="57" count="0" type="stmt"/>
        <line num="58" count="0" type="stmt"/>
        <line num="59" count="0" type="stmt"/>
        <line num="60" count="0" type="stmt"/>
        <line num="61" count="0" type="cond" truecount="0" falsecount="2"/>
        <line num="62" count="0" type="stmt"/>
        <line num="64" count="0" type="stmt"/>
        <line num="66" count="0" type="stmt"/>
        <line num="68" count="0" type="cond" truecount="0" falsecount="2"/>
        <line num="70" count="0" type="stmt"/>
        <line num="74" count="6" type="stmt"/>
        <line num="75" count="0" type="stmt"/>
        <line num="76" count="0" type="stmt"/>
        <line num="77" count="0" type="stmt"/>
        <line num="78" count="0" type="stmt"/>
        <line num="79" count="0" type="stmt"/>
        <line num="80" count="0" type="stmt"/>
        <line num="82" count="0" type="cond" truecount="0" falsecount="2"/>
        <line num="84" count="0" type="stmt"/>
        <line num="88" count="6" type="stmt"/>
        <line num="89" count="0" type="stmt"/>
        <line num="90" count="0" type="stmt"/>
        <line num="91" count="0" type="stmt"/>
        <line num="92" count="0" type="stmt"/>
        <line num="93" count="0" type="stmt"/>
        <line num="94" count="0" type="stmt"/>
        <line num="95" count="0" type="stmt"/>
        <line num="96" count="0" type="stmt"/>
        <line num="98" count="0" type="cond" truecount="0" falsecount="2"/>
        <line num="100" count="0" type="stmt"/>
        <line num="104" count="6" type="stmt"/>
        <line num="105" count="0" type="stmt"/>
        <line num="106" count="0" type="stmt"/>
        <line num="107" count="0" type="stmt"/>
        <line num="108" count="0" type="stmt"/>
        <line num="109" count="0" type="stmt"/>
        <line num="110" count="0" type="stmt"/>
        <line num="111" count="0" type="stmt"/>
        <line num="112" count="0" type="stmt"/>
        <line num="115" count="6" type="stmt"/>
        <line num="117" count="0" type="stmt"/>
        <line num="118" count="0" type="stmt"/>
        <line num="123" count="6" type="cond" truecount="2" falsecount="0"/>
        <line num="125" count="5" type="stmt"/>
        <line num="142" count="30" type="cond" truecount="2" falsecount="0"/>
        <line num="145" count="1" type="stmt"/>
        <line num="166" count="0" type="stmt"/>
        <line num="169" count="0" type="cond" truecount="0" falsecount="2"/>
        <line num="178" count="0" type="stmt"/>
        <line num="179" count="0" type="cond" truecount="0" falsecount="2"/>
        <line num="180" count="0" type="stmt"/>
        <line num="201" count="0" type="stmt"/>
        <line num="203" count="0" type="stmt"/>
        <line num="204" count="0" type="stmt"/>
        <line num="205" count="0" type="stmt"/>
        <line num="215" count="0" type="stmt"/>
        <line num="225" count="0" type="stmt"/>
        <line num="238" count="0" type="stmt"/>
        <line num="249" count="5" type="cond" truecount="2" falsecount="5"/>
        <line num="251" count="4" type="stmt"/>
        <line num="253" count="0" type="stmt"/>
        <line num="255" count="0" type="stmt"/>
        <line num="257" count="1" type="stmt"/>
        <line num="259" count="0" type="stmt"/>
        <line num="261" count="0" type="stmt"/>
        <line num="263" count="0" type="stmt"/>
        <line num="268" count="6" type="stmt"/>
        <line num="269" count="6" type="cond" truecount="2" falsecount="0"/>
        <line num="270" count="5" type="cond" truecount="1" falsecount="1"/>
        <line num="271" count="5" type="cond" truecount="1" falsecount="1"/>
        <line num="272" count="5" type="cond" truecount="1" falsecount="1"/>
        <line num="273" count="1" type="cond" truecount="1" falsecount="1"/>
        <line num="274" count="0" type="cond" truecount="0" falsecount="2"/>
        <line num="275" count="0" type="stmt"/>
        <line num="276" count="0" type="cond" truecount="0" falsecount="2"/>
        <line num="278" count="1" type="cond" truecount="1" falsecount="1"/>
        <line num="279" count="0" type="cond" truecount="0" falsecount="4"/>
        <line num="280" count="0" type="stmt"/>
        <line num="282" count="1" type="cond" truecount="1" falsecount="1"/>
        <line num="283" count="0" type="stmt"/>
        <line num="284" count="0" type="cond" truecount="0" falsecount="4"/>
        <line num="285" count="0" type="stmt"/>
        <line num="288" count="1" type="cond" truecount="1" falsecount="1"/>
        <line num="289" count="0" type="cond" truecount="0" falsecount="2"/>
        <line num="291" count="6" type="stmt"/>
        <line num="295" count="0" type="stmt"/>
        <line num="296" count="0" type="stmt"/>
        <line num="297" count="0" type="stmt"/>
        <line num="299" count="0" type="stmt"/>
      </file>
      <file name="BridgeWizardState.ts" path="/home/masaharu/Projects/spacer-clone/frontend/src/bridge/BridgeWizardState.ts">
        <metrics statements="66" coveredstatements="56" conditionals="12" coveredconditionals="11" methods="28" coveredmethods="20"/>
        <line num="12" count="3" type="stmt"/>
        <line num="16" count="35" type="stmt"/>
        <line num="19" count="11" type="stmt"/>
        <line num="27" count="10" type="stmt"/>
        <line num="32" count="10" type="stmt"/>
        <line num="37" count="3" type="stmt"/>
        <line num="39" count="0" type="stmt"/>
        <line num="42" count="3" type="stmt"/>
        <line num="44" count="0" type="stmt"/>
        <line num="51" count="10" type="stmt"/>
        <line num="52" count="10" type="stmt"/>
        <line num="53" count="10" type="stmt"/>
        <line num="54" count="10" type="stmt"/>
        <line num="71" count="5" type="cond" truecount="2" falsecount="0"/>
        <line num="72" count="4" type="stmt"/>
        <line num="73" count="4" type="cond" truecount="2" falsecount="0"/>
        <line num="74" count="3" type="stmt"/>
        <line num="78" count="7" type="stmt"/>
        <line num="79" count="7" type="stmt"/>
        <line num="80" count="7" type="stmt"/>
        <line num="81" count="7" type="stmt"/>
        <line num="82" count="7" type="stmt"/>
        <line num="83" count="7" type="stmt"/>
        <line num="84" count="7" type="stmt"/>
        <line num="85" count="7" type="stmt"/>
        <line num="86" count="7" type="stmt"/>
        <line num="87" count="7" type="stmt"/>
        <line num="88" count="7" type="stmt"/>
        <line num="89" count="7" type="stmt"/>
        <line num="90" count="7" type="stmt"/>
        <line num="91" count="7" type="stmt"/>
        <line num="92" count="7" type="stmt"/>
        <line num="93" count="7" type="stmt"/>
        <line num="94" count="7" type="cond" truecount="2" falsecount="0"/>
        <line num="95" count="6" type="stmt"/>
        <line num="96" count="6" type="stmt"/>
        <line num="97" count="6" type="stmt"/>
        <line num="98" count="6" type="stmt"/>
        <line num="101" count="7" type="stmt"/>
        <line num="114" count="76" type="stmt"/>
        <line num="115" count="38" type="stmt"/>
        <line num="120" count="5" type="cond" truecount="2" falsecount="0"/>
        <line num="121" count="3" type="stmt"/>
        <line num="122" count="3" type="stmt"/>
        <line num="123" count="3" type="stmt"/>
        <line num="124" count="4" type="stmt"/>
        <line num="125" count="24" type="stmt"/>
        <line num="127" count="4" type="stmt"/>
        <line num="129" count="3" type="stmt"/>
        <line num="133" count="1" type="cond" truecount="1" falsecount="1"/>
        <line num="137" count="1" type="stmt"/>
        <line num="138" count="1" type="stmt"/>
        <line num="142" count="2" type="stmt"/>
        <line num="143" count="1" type="stmt"/>
        <line num="150" count="0" type="stmt"/>
        <line num="151" count="0" type="stmt"/>
        <line num="152" count="0" type="stmt"/>
        <line num="159" count="1" type="stmt"/>
        <line num="163" count="1" type="stmt"/>
        <line num="164" count="1" type="stmt"/>
        <line num="165" count="1" type="stmt"/>
        <line num="172" count="0" type="stmt"/>
        <line num="179" count="0" type="stmt"/>
        <line num="183" count="0" type="stmt"/>
        <line num="187" count="0" type="stmt"/>
        <line num="188" count="0" type="stmt"/>
      </file>
      <file name="api.ts" path="/home/masaharu/Projects/spacer-clone/frontend/src/bridge/api.ts">
        <metrics statements="42" coveredstatements="8" conditionals="23" coveredconditionals="3" methods="8" coveredmethods="2"/>
        <line num="4" count="2" type="cond" truecount="1" falsecount="1"/>
        <line num="6" count="2" type="cond" truecount="1" falsecount="1"/>
        <line num="7" count="0" type="stmt"/>
        <line num="9" count="2" type="stmt"/>
        <line num="13" count="2" type="stmt"/>
        <line num="14" count="2" type="stmt"/>
        <line num="15" count="2" type="cond" truecount="1" falsecount="1"/>
        <line num="16" count="2" type="stmt"/>
        <line num="17" count="2" type="stmt"/>
        <line num="21" count="0" type="stmt"/>
        <line num="22" count="0" type="stmt"/>
        <line num="27" count="0" type="cond" truecount="0" falsecount="2"/>
        <line num="28" count="0" type="stmt"/>
        <line num="30" count="0" type="stmt"/>
        <line num="31" count="0" type="stmt"/>
        <line num="35" count="0" type="stmt"/>
        <line num="36" count="0" type="stmt"/>
        <line num="37" count="0" type="cond" truecount="0" falsecount="2"/>
        <line num="38" count="0" type="stmt"/>
        <line num="39" count="0" type="stmt"/>
        <line num="43" count="0" type="stmt"/>
        <line num="44" count="0" type="stmt"/>
        <line num="49" count="0" type="cond" truecount="0" falsecount="2"/>
        <line num="50" count="0" type="stmt"/>
        <line num="51" count="0" type="stmt"/>
        <line num="55" count="0" type="stmt"/>
        <line num="56" count="0" type="stmt"/>
        <line num="59" count="0" type="cond" truecount="0" falsecount="4"/>
        <line num="60" count="0" type="stmt"/>
        <line num="68" count="0" type="stmt"/>
        <line num="69" count="0" type="stmt"/>
        <line num="74" count="0" type="cond" truecount="0" falsecount="2"/>
        <line num="75" count="0" type="stmt"/>
        <line num="76" count="0" type="stmt"/>
        <line num="77" count="0" type="stmt"/>
        <line num="78" count="0" type="cond" truecount="0" falsecount="2"/>
        <line num="82" count="0" type="stmt"/>
        <line num="84" count="0" type="stmt"/>
        <line num="88" count="0" type="stmt"/>
        <line num="89" count="0" type="stmt"/>
        <line num="90" count="0" type="cond" truecount="0" falsecount="2"/>
        <line num="91" count="0" type="stmt"/>
      </file>
      <file name="conversion.ts" path="/home/masaharu/Projects/spacer-clone/frontend/src/bridge/conversion.ts">
        <metrics statements="7" coveredstatements="0" conditionals="12" coveredconditionals="0" methods="2" coveredmethods="0"/>
        <line num="10" count="0" type="stmt"/>
        <line num="20" count="0" type="cond" truecount="0" falsecount="4"/>
        <line num="21" count="0" type="stmt"/>
        <line num="23" count="0" type="stmt"/>
        <line num="24" count="0" type="cond" truecount="0" falsecount="4"/>
        <line num="25" count="0" type="stmt"/>
        <line num="28" count="0" type="stmt"/>
      </file>
    </package>
    <package name="bridge.steps">
      <metrics statements="119" coveredstatements="21" conditionals="74" coveredconditionals="12" methods="64" coveredmethods="8"/>
      <file name="Step1RoadCondition.tsx" path="/home/masaharu/Projects/spacer-clone/frontend/src/bridge/steps/Step1RoadCondition.tsx">
        <metrics statements="13" coveredstatements="5" conditionals="8" coveredconditionals="3" methods="10" coveredmethods="3"/>
        <line num="14" count="0" type="stmt"/>
        <line num="27" count="20" type="stmt"/>
        <line num="39" count="0" type="cond" truecount="0" falsecount="2"/>
        <line num="42" count="0" type="cond" truecount="0" falsecount="2"/>
        <line num="50" count="4" type="stmt"/>
        <line num="51" count="4" type="stmt"/>
        <line num="52" count="4" type="stmt"/>
        <line num="66" count="0" type="stmt"/>
        <line num="74" count="0" type="stmt"/>
        <line num="82" count="0" type="stmt"/>
        <line num="90" count="0" type="stmt"/>
        <line num="98" count="0" type="stmt"/>
        <line num="103" count="28" type="stmt"/>
      </file>
      <file name="Step2SpanSetting.tsx" path="/home/masaharu/Projects/spacer-clone/frontend/src/bridge/steps/Step2SpanSetting.tsx">
        <metrics statements="11" coveredstatements="0" conditionals="8" coveredconditionals="0" methods="8" coveredmethods="0"/>
        <line num="15" count="0" type="cond" truecount="0" falsecount="2"/>
        <line num="16" count="0" type="stmt"/>
        <line num="20" count="0" type="stmt"/>
        <line num="21" count="0" type="stmt"/>
        <line num="36" count="0" type="stmt"/>
        <line num="45" count="0" type="stmt"/>
        <line num="46" count="0" type="stmt"/>
        <line num="61" count="0" type="stmt"/>
        <line num="62" count="0" type="stmt"/>
        <line num="74" count="0" type="stmt"/>
        <line num="87" count="0" type="stmt"/>
      </file>
      <file name="Step3ImpactFactor.tsx" path="/home/masaharu/Projects/spacer-clone/frontend/src/bridge/steps/Step3ImpactFactor.tsx">
        <metrics statements="14" coveredstatements="0" conditionals="6" coveredconditionals="0" methods="6" coveredmethods="0"/>
        <line num="14" count="0" type="stmt"/>
        <line num="18" count="0" type="stmt"/>
        <line num="19" count="0" type="stmt"/>
        <line num="20" count="0" type="stmt"/>
        <line num="21" count="0" type="stmt"/>
        <line num="34" count="0" type="stmt"/>
        <line num="35" count="0" type="stmt"/>
        <line num="36" count="0" type="cond" truecount="0" falsecount="2"/>
        <line num="37" count="0" type="stmt"/>
        <line num="38" count="0" type="stmt"/>
        <line num="40" count="0" type="stmt"/>
        <line num="54" count="0" type="stmt"/>
        <line num="55" count="0" type="stmt"/>
        <line num="66" count="0" type="stmt"/>
      </file>
      <file name="Step4LineSetting.tsx" path="/home/masaharu/Projects/spacer-clone/frontend/src/bridge/steps/Step4LineSetting.tsx">
        <metrics statements="31" coveredstatements="14" conditionals="18" coveredconditionals="9" methods="16" coveredmethods="5"/>
        <line num="14" count="1" type="stmt"/>
        <line num="17" count="1" type="stmt"/>
        <line num="18" count="1" type="stmt"/>
        <line num="19" count="1" type="stmt"/>
        <line num="20" count="1" type="stmt"/>
        <line num="23" count="1" type="stmt"/>
        <line num="24" count="1" type="stmt"/>
        <line num="25" count="0" type="stmt"/>
        <line num="26" count="0" type="cond" truecount="0" falsecount="2"/>
        <line num="27" count="0" type="stmt"/>
        <line num="28" count="0" type="stmt"/>
        <line num="31" count="1" type="stmt"/>
        <line num="32" count="1" type="stmt"/>
        <line num="35" count="1" type="stmt"/>
        <line num="36" count="0" type="stmt"/>
        <line num="41" count="0" type="stmt"/>
        <line num="42" count="0" type="stmt"/>
        <line num="43" count="0" type="stmt"/>
        <line num="46" count="1" type="cond" truecount="2" falsecount="0"/>
        <line num="48" count="1" type="stmt"/>
        <line num="59" count="0" type="stmt"/>
        <line num="61" count="3" type="stmt"/>
        <line num="70" count="0" type="stmt"/>
        <line num="76" count="4" type="stmt"/>
        <line num="80" count="0" type="stmt"/>
        <line num="101" count="0" type="stmt"/>
        <line num="104" count="0" type="stmt"/>
        <line num="109" count="0" type="stmt"/>
        <line num="114" count="0" type="stmt"/>
        <line num="115" count="0" type="stmt"/>
        <line num="116" count="0" type="cond" truecount="0" falsecount="2"/>
      </file>
      <file name="Step5LoadSetting.tsx" path="/home/masaharu/Projects/spacer-clone/frontend/src/bridge/steps/Step5LoadSetting.tsx">
        <metrics statements="27" coveredstatements="2" conditionals="18" coveredconditionals="0" methods="17" coveredmethods="0"/>
        <line num="10" count="1" type="stmt"/>
        <line num="11" count="1" type="stmt"/>
        <line num="14" count="0" type="stmt"/>
        <line num="21" count="0" type="stmt"/>
        <line num="27" count="0" type="stmt"/>
        <line num="28" count="0" type="cond" truecount="0" falsecount="2"/>
        <line num="30" count="0" type="stmt"/>
        <line num="36" count="0" type="stmt"/>
        <line num="37" count="0" type="cond" truecount="0" falsecount="2"/>
        <line num="39" count="0" type="stmt"/>
        <line num="43" count="0" type="stmt"/>
        <line num="51" count="0" type="stmt"/>
        <line num="52" count="0" type="stmt"/>
        <line num="53" count="0" type="cond" truecount="0" falsecount="4"/>
        <line num="55" count="0" type="stmt"/>
        <line num="61" count="0" type="stmt"/>
        <line num="62" count="0" type="cond" truecount="0" falsecount="2"/>
        <line num="64" count="0" type="stmt"/>
        <line num="68" count="0" type="stmt"/>
        <line num="74" count="0" type="stmt"/>
        <line num="75" count="0" type="cond" truecount="0" falsecount="2"/>
        <line num="77" count="0" type="stmt"/>
        <line num="82" count="0" type="stmt"/>
        <line num="89" count="0" type="stmt"/>
        <line num="100" count="0" type="cond" truecount="0" falsecount="2"/>
        <line num="101" count="0" type="stmt"/>
        <line num="108" count="0" type="stmt"/>
      </file>
      <file name="Step6ModelGeneration.tsx" path="/home/masaharu/Projects/spacer-clone/frontend/src/bridge/steps/Step6ModelGeneration.tsx">
        <metrics statements="23" coveredstatements="0" conditionals="16" coveredconditionals="0" methods="7" coveredmethods="0"/>
        <line num="20" count="0" type="stmt"/>
        <line num="21" count="0" type="stmt"/>
        <line num="22" count="0" type="stmt"/>
        <line num="23" count="0" type="stmt"/>
        <line num="25" count="0" type="stmt"/>
        <line num="26" count="0" type="stmt"/>
        <line num="32" count="0" type="stmt"/>
        <line num="33" count="0" type="stmt"/>
        <line num="34" count="0" type="stmt"/>
        <line num="35" count="0" type="stmt"/>
        <line num="36" count="0" type="stmt"/>
        <line num="37" count="0" type="stmt"/>
        <line num="38" count="0" type="stmt"/>
        <line num="40" count="0" type="cond" truecount="0" falsecount="2"/>
        <line num="42" count="0" type="stmt"/>
        <line num="46" count="0" type="stmt"/>
        <line num="47" count="0" type="stmt"/>
        <line num="48" count="0" type="stmt"/>
        <line num="62" count="0" type="stmt"/>
        <line num="63" count="0" type="cond" truecount="0" falsecount="2"/>
        <line num="72" count="0" type="stmt"/>
        <line num="87" count="0" type="stmt"/>
        <line num="108" count="0" type="stmt"/>
      </file>
    </package>
    <package name="bridge.viewer">
      <metrics statements="180" coveredstatements="98" conditionals="57" coveredconditionals="14" methods="26" coveredmethods="15"/>
      <file name="BridgeThreeViewer.tsx" path="/home/masaharu/Projects/spacer-clone/frontend/src/bridge/viewer/BridgeThreeViewer.tsx">
        <metrics statements="180" coveredstatements="98" conditionals="57" coveredconditionals="14" methods="26" coveredmethods="15"/>
        <line num="24" count="1" type="stmt"/>
        <line num="30" count="1" type="stmt"/>
        <line num="31" count="1" type="stmt"/>
        <line num="32" count="1" type="stmt"/>
        <line num="42" count="1" type="stmt"/>
        <line num="43" count="1" type="stmt"/>
        <line num="46" count="1" type="stmt"/>
        <line num="55" count="1" type="stmt"/>
        <line num="57" count="1" type="stmt"/>
        <line num="58" count="1" type="stmt"/>
        <line num="59" count="1" type="cond" truecount="1" falsecount="1"/>
        <line num="61" count="1" type="stmt"/>
        <line num="62" count="1" type="stmt"/>
        <line num="63" count="1" type="cond" truecount="2" falsecount="0"/>
        <line num="64" count="1" type="stmt"/>
        <line num="66" count="1" type="stmt"/>
        <line num="67" count="1" type="cond" truecount="1" falsecount="1"/>
        <line num="68" count="1" type="stmt"/>
        <line num="69" count="1" type="stmt"/>
        <line num="71" count="1" type="stmt"/>
        <line num="72" count="1" type="stmt"/>
        <line num="73" count="1" type="stmt"/>
        <line num="74" count="1" type="stmt"/>
        <line num="76" count="1" type="stmt"/>
        <line num="77" count="1" type="stmt"/>
        <line num="78" count="1" type="stmt"/>
        <line num="79" count="1" type="stmt"/>
        <line num="80" count="1" type="stmt"/>
        <line num="83" count="1" type="stmt"/>
        <line num="84" count="1" type="stmt"/>
        <line num="85" count="1" type="cond" truecount="1" falsecount="1"/>
        <line num="86" count="7" type="cond" truecount="1" falsecount="1"/>
        <line num="88" count="1" type="stmt"/>
        <line num="89" count="1" type="stmt"/>
        <line num="90" count="1" type="stmt"/>
        <line num="91" count="1" type="stmt"/>
        <line num="92" count="1" type="stmt"/>
        <line num="95" count="1" type="stmt"/>
        <line num="96" count="1" type="stmt"/>
        <line num="97" count="1" type="stmt"/>
        <line num="100" count="1" type="stmt"/>
        <line num="103" count="1" type="stmt"/>
        <line num="104" count="1" type="stmt"/>
        <line num="105" count="1" type="stmt"/>
        <line num="106" count="1" type="stmt"/>
        <line num="107" count="1" type="stmt"/>
        <line num="110" count="1" type="stmt"/>
        <line num="111" count="1" type="stmt"/>
        <line num="112" count="1" type="stmt"/>
        <line num="113" count="1" type="stmt"/>
        <line num="117" count="0" type="stmt"/>
        <line num="118" count="0" type="stmt"/>
        <line num="119" count="0" type="stmt"/>
        <line num="123" count="2" type="stmt"/>
        <line num="124" count="2" type="stmt"/>
        <line num="125" count="2" type="stmt"/>
        <line num="126" count="2" type="cond" truecount="1" falsecount="1"/>
        <line num="127" count="0" type="stmt"/>
        <line num="128" count="0" type="stmt"/>
        <line num="129" count="0" type="stmt"/>
        <line num="130" count="0" type="stmt"/>
        <line num="131" count="0" type="stmt"/>
        <line num="132" count="0" type="stmt"/>
        <line num="133" count="0" type="stmt"/>
        <line num="134" count="0" type="stmt"/>
        <line num="135" count="0" type="stmt"/>
        <line num="137" count="0" type="stmt"/>
        <line num="138" count="0" type="stmt"/>
        <line num="139" count="0" type="stmt"/>
        <line num="140" count="0" type="stmt"/>
        <line num="141" count="0" type="cond" truecount="0" falsecount="4"/>
        <line num="142" count="0" type="stmt"/>
        <line num="144" count="0" type="stmt"/>
        <line num="145" count="0" type="stmt"/>
        <line num="146" count="0" type="stmt"/>
        <line num="147" count="0" type="stmt"/>
        <line num="148" count="0" type="stmt"/>
        <line num="152" count="2" type="stmt"/>
        <line num="153" count="2" type="stmt"/>
        <line num="154" count="2" type="stmt"/>
        <line num="155" count="0" type="cond" truecount="0" falsecount="4"/>
        <line num="156" count="0" type="stmt"/>
        <line num="157" count="0" type="stmt"/>
        <line num="158" count="0" type="stmt"/>
        <line num="159" count="0" type="stmt"/>
        <line num="160" count="0" type="stmt"/>
        <line num="161" count="0" type="stmt"/>
        <line num="163" count="0" type="stmt"/>
        <line num="167" count="0" type="stmt"/>
        <line num="168" count="0" type="stmt"/>
        <line num="169" count="0" type="stmt"/>
        <line num="173" count="1" type="stmt"/>
        <line num="174" count="1" type="stmt"/>
        <line num="177" count="0" type="stmt"/>
        <line num="178" count="0" type="stmt"/>
        <line num="179" count="0" type="stmt"/>
        <line num="183" count="0" type="stmt"/>
        <line num="184" count="0" type="stmt"/>
        <line num="185" count="0" type="stmt"/>
        <line num="186" count="0" type="stmt"/>
        <line num="187" count="0" type="stmt"/>
        <line num="189" count="0" type="stmt"/>
        <line num="190" count="0" type="cond" truecount="0" falsecount="4"/>
        <line num="191" count="0" type="stmt"/>
        <line num="192" count="0" type="stmt"/>
        <line num="193" count="0" type="cond" truecount="0" falsecount="2"/>
        <line num="194" count="0" type="stmt"/>
        <line num="195" count="0" type="stmt"/>
        <line num="198" count="0" type="cond" truecount="0" falsecount="4"/>
        <line num="199" count="0" type="stmt"/>
        <line num="200" count="0" type="stmt"/>
        <line num="201" count="0" type="cond" truecount="0" falsecount="2"/>
        <line num="202" count="0" type="stmt"/>
        <line num="204" count="0" type="stmt"/>
        <line num="205" count="0" type="stmt"/>
        <line num="206" count="0" type="stmt"/>
        <line num="210" count="0" type="cond" truecount="0" falsecount="2"/>
        <line num="211" count="0" type="stmt"/>
        <line num="212" count="0" type="cond" truecount="0" falsecount="2"/>
        <line num="213" count="0" type="stmt"/>
        <line num="214" count="0" type="stmt"/>
        <line num="215" count="0" type="cond" truecount="0" falsecount="2"/>
        <line num="216" count="0" type="stmt"/>
        <line num="218" count="0" type="stmt"/>
        <line num="219" count="0" type="stmt"/>
        <line num="220" count="0" type="cond" truecount="0" falsecount="4"/>
        <line num="221" count="0" type="stmt"/>
        <line num="222" count="0" type="stmt"/>
        <line num="228" count="0" type="stmt"/>
        <line num="235" count="0" type="cond" truecount="0" falsecount="2"/>
        <line num="236" count="0" type="stmt"/>
        <line num="237" count="0" type="stmt"/>
        <line num="238" count="0" type="stmt"/>
        <line num="239" count="0" type="stmt"/>
        <line num="240" count="0" type="stmt"/>
        <line num="243" count="1" type="stmt"/>
        <line num="244" count="1" type="stmt"/>
        <line num="245" count="1" type="stmt"/>
        <line num="246" count="1" type="stmt"/>
        <line num="248" count="1" type="stmt"/>
        <line num="249" count="1" type="stmt"/>
        <line num="250" count="1" type="stmt"/>
        <line num="251" count="1" type="stmt"/>
        <line num="252" count="1" type="stmt"/>
        <line num="254" count="1" type="stmt"/>
        <line num="257" count="1" type="stmt"/>
        <line num="258" count="1" type="stmt"/>
        <line num="259" count="1" type="stmt"/>
        <line num="260" count="1" type="stmt"/>
        <line num="262" count="1" type="stmt"/>
        <line num="263" count="1" type="stmt"/>
        <line num="264" count="1" type="stmt"/>
        <line num="265" count="1" type="stmt"/>
        <line num="266" count="1" type="stmt"/>
        <line num="267" count="1" type="stmt"/>
        <line num="268" count="1" type="stmt"/>
        <line num="269" count="1" type="stmt"/>
        <line num="270" count="1" type="stmt"/>
        <line num="271" count="1" type="cond" truecount="1" falsecount="1"/>
        <line num="272" count="1" type="stmt"/>
        <line num="274" count="1" type="stmt"/>
        <line num="275" count="10" type="cond" truecount="2" falsecount="0"/>
        <line num="276" count="1" type="stmt"/>
        <line num="277" count="1" type="cond" truecount="1" falsecount="1"/>
        <line num="278" count="1" type="stmt"/>
        <line num="285" count="1" type="stmt"/>
        <line num="286" count="1" type="stmt"/>
        <line num="288" count="1" type="stmt"/>
        <line num="289" count="1" type="stmt"/>
        <line num="293" count="1" type="stmt"/>
        <line num="294" count="1" type="stmt"/>
        <line num="295" count="0" type="stmt"/>
        <line num="296" count="0" type="stmt"/>
        <line num="297" count="0" type="cond" truecount="0" falsecount="2"/>
        <line num="298" count="0" type="stmt"/>
        <line num="299" count="0" type="stmt"/>
        <line num="302" count="1" type="stmt"/>
        <line num="303" count="1" type="stmt"/>
        <line num="306" count="1" type="stmt"/>
        <line num="311" count="0" type="cond" truecount="1" falsecount="1"/>
      </file>
    </package>
    <package name="compare">
      <metrics statements="29" coveredstatements="14" conditionals="18" coveredconditionals="7" methods="14" coveredmethods="7"/>
      <file name="ModelComparisonWorkspace.tsx" path="/home/masaharu/Projects/spacer-clone/frontend/src/compare/ModelComparisonWorkspace.tsx">
        <metrics statements="25" coveredstatements="11" conditionals="16" coveredconditionals="6" methods="11" coveredmethods="4"/>
        <line num="20" count="2" type="stmt"/>
        <line num="21" count="2" type="stmt"/>
        <line num="22" count="2" type="stmt"/>
        <line num="23" count="2" type="stmt"/>
        <line num="24" count="2" type="stmt"/>
        <line num="25" count="2" type="stmt"/>
        <line num="28" count="2" type="stmt"/>
        <line num="29" count="0" type="cond" truecount="0" falsecount="2"/>
        <line num="30" count="0" type="cond" truecount="0" falsecount="2"/>
        <line num="31" count="0" type="stmt"/>
        <line num="32" count="0" type="stmt"/>
        <line num="33" count="0" type="stmt"/>
        <line num="34" count="0" type="cond" truecount="0" falsecount="2"/>
        <line num="35" count="0" type="stmt"/>
        <line num="37" count="0" type="stmt"/>
        <line num="41" count="2" type="stmt"/>
        <line num="44" count="0" type="stmt"/>
        <line num="45" count="0" type="stmt"/>
        <line num="50" count="2" type="stmt"/>
        <line num="62" count="1" type="stmt"/>
        <line num="63" count="1" type="stmt"/>
        <line num="74" count="0" type="stmt"/>
        <line num="90" count="0" type="stmt"/>
        <line num="110" count="0" type="stmt"/>
        <line num="111" count="0" type="stmt"/>
      </file>
      <file name="modelComparisonState.ts" path="/home/masaharu/Projects/spacer-clone/frontend/src/compare/modelComparisonState.ts">
        <metrics statements="4" coveredstatements="3" conditionals="2" coveredconditionals="1" methods="3" coveredmethods="3"/>
        <line num="10" count="2" type="cond" truecount="1" falsecount="1"/>
        <line num="11" count="0" type="stmt"/>
        <line num="16" count="2" type="stmt"/>
        <line num="21" count="2" type="stmt"/>
      </file>
    </package>
    <package name="components">
      <metrics statements="293" coveredstatements="174" conditionals="322" coveredconditionals="169" methods="280" coveredmethods="93"/>
      <file name="ProjectTree.tsx" path="/home/masaharu/Projects/spacer-clone/frontend/src/components/ProjectTree.tsx">
        <metrics statements="5" coveredstatements="4" conditionals="6" coveredconditionals="5" methods="3" coveredmethods="2"/>
        <line num="4" count="1" type="stmt"/>
        <line num="26" count="1" type="stmt"/>
        <line num="38" count="1" type="stmt"/>
        <line num="41" count="12" type="stmt"/>
        <line num="45" count="0" type="stmt"/>
      </file>
      <file name="PropertyPanel.tsx" path="/home/masaharu/Projects/spacer-clone/frontend/src/components/PropertyPanel.tsx">
        <metrics statements="170" coveredstatements="75" conditionals="115" coveredconditionals="59" methods="207" coveredmethods="44"/>
        <line num="21" count="2" type="stmt"/>
        <line num="58" count="13" type="stmt"/>
        <line num="59" count="10" type="stmt"/>
        <line num="62" count="13" type="stmt"/>
        <line num="74" count="0" type="stmt"/>
        <line num="83" count="0" type="stmt"/>
        <line num="84" count="0" type="stmt"/>
        <line num="93" count="0" type="stmt"/>
        <line num="101" count="0" type="stmt"/>
        <line num="110" count="0" type="stmt"/>
        <line num="118" count="0" type="stmt"/>
        <line num="127" count="0" type="stmt"/>
        <line num="135" count="0" type="stmt"/>
        <line num="144" count="0" type="stmt"/>
        <line num="153" count="0" type="stmt"/>
        <line num="162" count="0" type="stmt"/>
        <line num="167" count="0" type="stmt"/>
        <line num="176" count="0" type="stmt"/>
        <line num="187" count="0" type="stmt"/>
        <line num="196" count="0" type="stmt"/>
        <line num="206" count="0" type="stmt"/>
        <line num="213" count="0" type="stmt"/>
        <line num="223" count="0" type="stmt"/>
        <line num="228" count="10" type="stmt"/>
        <line num="252" count="12" type="stmt"/>
        <line num="255" count="48" type="stmt"/>
        <line num="263" count="0" type="stmt"/>
        <line num="288" count="13" type="stmt"/>
        <line num="289" count="8" type="cond" truecount="2" falsecount="0"/>
        <line num="292" count="13" type="stmt"/>
        <line num="294" count="1" type="stmt"/>
        <line num="302" count="29" type="stmt"/>
        <line num="309" count="49" type="stmt"/>
        <line num="311" count="128" type="stmt"/>
        <line num="322" count="2" type="stmt"/>
        <line num="332" count="4" type="stmt"/>
        <line num="355" count="0" type="cond" truecount="0" falsecount="2"/>
        <line num="362" count="0" type="stmt"/>
        <line num="363" count="0" type="stmt"/>
        <line num="365" count="0" type="stmt"/>
        <line num="372" count="0" type="stmt"/>
        <line num="379" count="0" type="stmt"/>
        <line num="403" count="12" type="cond" truecount="1" falsecount="1"/>
        <line num="404" count="12" type="stmt"/>
        <line num="416" count="12" type="stmt"/>
        <line num="419" count="10" type="stmt"/>
        <line num="428" count="12" type="stmt"/>
        <line num="443" count="1" type="stmt"/>
        <line num="447" count="17" type="stmt"/>
        <line num="465" count="1" type="stmt"/>
        <line num="466" count="1" type="cond" truecount="3" falsecount="1"/>
        <line num="476" count="1" type="stmt"/>
        <line num="493" count="1" type="stmt"/>
        <line num="494" count="1" type="cond" truecount="3" falsecount="1"/>
        <line num="508" count="1" type="stmt"/>
        <line num="509" count="1" type="cond" truecount="4" falsecount="1"/>
        <line num="510" count="1" type="stmt"/>
        <line num="521" count="0" type="stmt"/>
        <line num="536" count="0" type="stmt"/>
        <line num="551" count="1" type="stmt"/>
        <line num="563" count="1" type="stmt"/>
        <line num="564" count="1" type="stmt"/>
        <line num="569" count="4" type="stmt"/>
        <line num="585" count="176" type="cond" truecount="2" falsecount="0"/>
        <line num="586" count="24" type="stmt"/>
        <line num="590" count="0" type="stmt"/>
        <line num="594" count="152" type="cond" truecount="4" falsecount="0"/>
        <line num="595" count="12" type="stmt"/>
        <line num="597" count="140" type="cond" truecount="1" falsecount="1"/>
        <line num="598" count="0" type="stmt"/>
        <line num="599" count="0" type="stmt"/>
        <line num="605" count="140" type="cond" truecount="2" falsecount="0"/>
        <line num="606" count="120" type="stmt"/>
        <line num="612" count="2" type="stmt"/>
        <line num="613" count="2" type="cond" truecount="1" falsecount="1"/>
        <line num="618" count="20" type="stmt"/>
        <line num="622" count="0" type="stmt"/>
        <line num="628" count="13" type="stmt"/>
        <line num="632" count="12" type="stmt"/>
        <line num="637" count="12" type="cond" truecount="1" falsecount="1"/>
        <line num="641" count="13" type="stmt"/>
        <line num="645" count="0" type="stmt"/>
        <line num="648" count="2" type="stmt"/>
        <line num="649" count="0" type="stmt"/>
        <line num="650" count="0" type="stmt"/>
        <line num="651" count="0" type="stmt"/>
        <line num="652" count="0" type="stmt"/>
        <line num="653" count="0" type="stmt"/>
        <line num="654" count="0" type="stmt"/>
        <line num="657" count="2" type="stmt"/>
        <line num="658" count="10" type="stmt"/>
        <line num="659" count="10" type="stmt"/>
        <line num="660" count="10" type="stmt"/>
        <line num="661" count="10" type="stmt"/>
        <line num="662" count="10" type="cond" truecount="2" falsecount="0"/>
        <line num="665" count="2" type="stmt"/>
        <line num="666" count="0" type="stmt"/>
        <line num="667" count="0" type="stmt"/>
        <line num="668" count="0" type="stmt"/>
        <line num="669" count="0" type="stmt"/>
        <line num="670" count="0" type="stmt"/>
        <line num="671" count="0" type="cond" truecount="0" falsecount="6"/>
        <line num="674" count="2" type="stmt"/>
        <line num="675" count="0" type="stmt"/>
        <line num="676" count="0" type="stmt"/>
        <line num="677" count="0" type="stmt"/>
        <line num="678" count="0" type="stmt"/>
        <line num="679" count="0" type="stmt"/>
        <line num="680" count="0" type="stmt"/>
        <line num="683" count="2" type="stmt"/>
        <line num="684" count="0" type="stmt"/>
        <line num="685" count="0" type="stmt"/>
        <line num="686" count="0" type="stmt"/>
        <line num="687" count="0" type="stmt"/>
        <line num="688" count="0" type="stmt"/>
        <line num="689" count="0" type="stmt"/>
        <line num="692" count="2" type="stmt"/>
        <line num="693" count="0" type="stmt"/>
        <line num="694" count="0" type="stmt"/>
        <line num="695" count="0" type="stmt"/>
        <line num="696" count="0" type="stmt"/>
        <line num="697" count="0" type="stmt"/>
        <line num="698" count="0" type="stmt"/>
        <line num="699" count="0" type="stmt"/>
        <line num="702" count="2" type="stmt"/>
        <line num="703" count="0" type="stmt"/>
        <line num="704" count="0" type="stmt"/>
        <line num="705" count="0" type="stmt"/>
        <line num="708" count="2" type="stmt"/>
        <line num="709" count="0" type="stmt"/>
        <line num="710" count="0" type="stmt"/>
        <line num="711" count="0" type="stmt"/>
        <line num="712" count="0" type="stmt"/>
        <line num="713" count="0" type="stmt"/>
        <line num="714" count="0" type="stmt"/>
        <line num="715" count="0" type="stmt"/>
        <line num="716" count="0" type="stmt"/>
        <line num="717" count="0" type="stmt"/>
        <line num="720" count="2" type="stmt"/>
        <line num="721" count="0" type="stmt"/>
        <line num="722" count="0" type="stmt"/>
        <line num="723" count="0" type="stmt"/>
        <line num="724" count="0" type="cond" truecount="0" falsecount="2"/>
        <line num="725" count="0" type="stmt"/>
        <line num="726" count="0" type="stmt"/>
        <line num="727" count="0" type="stmt"/>
        <line num="728" count="0" type="stmt"/>
        <line num="731" count="2" type="stmt"/>
        <line num="732" count="0" type="stmt"/>
        <line num="733" count="0" type="stmt"/>
        <line num="734" count="0" type="stmt"/>
        <line num="735" count="0" type="stmt"/>
        <line num="738" count="2" type="stmt"/>
        <line num="739" count="0" type="stmt"/>
        <line num="740" count="0" type="stmt"/>
        <line num="741" count="0" type="stmt"/>
        <line num="742" count="0" type="stmt"/>
        <line num="743" count="0" type="stmt"/>
        <line num="744" count="0" type="stmt"/>
        <line num="745" count="0" type="stmt"/>
        <line num="748" count="2" type="stmt"/>
        <line num="749" count="12" type="stmt"/>
        <line num="750" count="12" type="stmt"/>
        <line num="751" count="12" type="stmt"/>
        <line num="752" count="12" type="stmt"/>
        <line num="755" count="2" type="stmt"/>
        <line num="761" count="39" type="stmt"/>
        <line num="762" count="1" type="stmt"/>
        <line num="769" count="39" type="stmt"/>
        <line num="770" count="1" type="stmt"/>
      </file>
      <file name="ResultsPanel.tsx" path="/home/masaharu/Projects/spacer-clone/frontend/src/components/ResultsPanel.tsx">
        <metrics statements="118" coveredstatements="95" conditionals="201" coveredconditionals="105" methods="70" coveredmethods="47"/>
        <line num="47" count="2" type="stmt"/>
        <line num="57" count="2" type="stmt"/>
        <line num="84" count="63" type="stmt"/>
        <line num="88" count="315" type="stmt"/>
        <line num="92" count="0" type="stmt"/>
        <line num="117" count="0" type="stmt"/>
        <line num="127" count="4" type="cond" truecount="1" falsecount="1"/>
        <line num="128" count="4" type="stmt"/>
        <line num="148" count="81" type="stmt"/>
        <line num="149" count="8" type="cond" truecount="1" falsecount="1"/>
        <line num="150" count="8" type="cond" truecount="1" falsecount="1"/>
        <line num="151" count="8" type="stmt"/>
        <line num="155" count="8" type="stmt"/>
        <line num="158" count="81" type="stmt"/>
        <line num="159" count="81" type="cond" truecount="4" falsecount="0"/>
        <line num="160" count="81" type="cond" truecount="2" falsecount="0"/>
        <line num="166" count="81" type="stmt"/>
        <line num="167" count="12" type="stmt"/>
        <line num="170" count="81" type="stmt"/>
        <line num="209" count="4" type="stmt"/>
        <line num="210" count="4" type="stmt"/>
        <line num="211" count="4" type="stmt"/>
        <line num="212" count="4" type="stmt"/>
        <line num="213" count="4" type="stmt"/>
        <line num="214" count="4" type="cond" truecount="2" falsecount="0"/>
        <line num="215" count="4" type="cond" truecount="2" falsecount="0"/>
        <line num="216" count="4" type="cond" truecount="2" falsecount="0"/>
        <line num="217" count="4" type="cond" truecount="3" falsecount="0"/>
        <line num="218" count="4" type="cond" truecount="1" falsecount="1"/>
        <line num="219" count="0" type="cond" truecount="0" falsecount="2"/>
        <line num="221" count="4" type="cond" truecount="1" falsecount="1"/>
        <line num="222" count="0" type="cond" truecount="0" falsecount="2"/>
        <line num="224" count="4" type="cond" truecount="1" falsecount="1"/>
        <line num="225" count="0" type="cond" truecount="0" falsecount="2"/>
        <line num="227" count="4" type="cond" truecount="2" falsecount="0"/>
        <line num="228" count="0" type="cond" truecount="0" falsecount="2"/>
        <line num="230" count="4" type="cond" truecount="2" falsecount="0"/>
        <line num="231" count="0" type="cond" truecount="0" falsecount="2"/>
        <line num="233" count="4" type="cond" truecount="2" falsecount="0"/>
        <line num="234" count="0" type="cond" truecount="0" falsecount="2"/>
        <line num="236" count="4" type="cond" truecount="1" falsecount="1"/>
        <line num="237" count="14" type="cond" truecount="2" falsecount="2"/>
        <line num="241" count="4" type="cond" truecount="1" falsecount="1"/>
        <line num="242" count="14" type="cond" truecount="2" falsecount="2"/>
        <line num="246" count="4" type="stmt"/>
        <line num="247" count="4" type="stmt"/>
        <line num="248" count="4" type="cond" truecount="4" falsecount="1"/>
        <line num="249" count="4" type="cond" truecount="1" falsecount="1"/>
        <line num="250" count="4" type="cond" truecount="1" falsecount="1"/>
        <line num="251" count="4" type="cond" truecount="1" falsecount="1"/>
        <line num="252" count="4" type="cond" truecount="1" falsecount="1"/>
        <line num="253" count="4" type="cond" truecount="1" falsecount="1"/>
        <line num="254" count="4" type="cond" truecount="1" falsecount="1"/>
        <line num="265" count="4" type="stmt"/>
        <line num="266" count="4" type="stmt"/>
        <line num="268" count="4" type="stmt"/>
        <line num="269" count="4" type="cond" truecount="1" falsecount="1"/>
        <line num="272" count="4" type="stmt"/>
        <line num="288" count="4" type="stmt"/>
        <line num="292" count="0" type="stmt"/>
        <line num="313" count="0" type="stmt"/>
        <line num="317" count="0" type="stmt"/>
        <line num="329" count="0" type="stmt"/>
        <line num="335" count="0" type="stmt"/>
        <line num="355" count="0" type="stmt"/>
        <line num="410" count="0" type="stmt"/>
        <line num="425" count="0" type="stmt"/>
        <line num="453" count="0" type="stmt"/>
        <line num="493" count="0" type="stmt"/>
        <line num="497" count="0" type="cond" truecount="0" falsecount="4"/>
        <line num="535" count="48" type="stmt"/>
        <line num="536" count="13" type="stmt"/>
        <line num="537" count="11" type="stmt"/>
        <line num="540" count="13" type="stmt"/>
        <line num="541" count="14" type="stmt"/>
        <line num="544" count="48" type="stmt"/>
        <line num="545" count="84" type="stmt"/>
        <line num="546" count="13" type="stmt"/>
        <line num="547" count="13" type="stmt"/>
        <line num="548" count="13" type="cond" truecount="2" falsecount="0"/>
        <line num="549" count="13" type="stmt"/>
        <line num="550" count="13" type="stmt"/>
        <line num="551" count="13" type="stmt"/>
        <line num="552" count="13" type="stmt"/>
        <line num="554" count="13" type="stmt"/>
        <line num="564" count="2" type="stmt"/>
        <line num="571" count="1" type="stmt"/>
        <line num="579" count="48" type="stmt"/>
        <line num="585" count="3" type="stmt"/>
        <line num="586" count="3" type="stmt"/>
        <line num="587" count="3" type="cond" truecount="2" falsecount="0"/>
        <line num="589" count="9" type="stmt"/>
        <line num="626" count="42" type="stmt"/>
        <line num="631" count="84" type="stmt"/>
        <line num="632" count="84" type="stmt"/>
        <line num="633" count="84" type="stmt"/>
        <line num="647" count="42" type="stmt"/>
        <line num="661" count="136" type="stmt"/>
        <line num="670" count="4" type="stmt"/>
        <line num="671" count="28" type="stmt"/>
        <line num="694" count="8" type="stmt"/>
        <line num="704" count="40" type="stmt"/>
        <line num="710" count="42" type="stmt"/>
        <line num="712" count="196" type="stmt"/>
        <line num="724" count="0" type="cond" truecount="0" falsecount="2"/>
        <line num="725" count="0" type="stmt"/>
        <line num="738" count="0" type="stmt"/>
        <line num="754" count="196" type="cond" truecount="2" falsecount="0"/>
        <line num="755" count="70" type="cond" truecount="1" falsecount="1"/>
        <line num="756" count="70" type="cond" truecount="1" falsecount="1"/>
        <line num="760" count="40" type="cond" truecount="1" falsecount="1"/>
        <line num="765" count="4" type="cond" truecount="1" falsecount="1"/>
        <line num="776" count="4" type="cond" truecount="1" falsecount="3"/>
        <line num="780" count="4" type="cond" truecount="1" falsecount="1"/>
        <line num="784" count="4" type="cond" truecount="1" falsecount="1"/>
        <line num="788" count="0" type="cond" truecount="0" falsecount="2"/>
        <line num="792" count="172" type="cond" truecount="1" falsecount="1"/>
        <line num="793" count="172" type="cond" truecount="4" falsecount="1"/>
      </file>
    </package>
    <package name="data">
      <metrics statements="53" coveredstatements="53" conditionals="31" coveredconditionals="31" methods="32" coveredmethods="32"/>
      <file name="defaultProject.ts" path="/home/masaharu/Projects/spacer-clone/frontend/src/data/defaultProject.ts">
        <metrics statements="53" coveredstatements="53" conditionals="31" coveredconditionals="31" methods="32" coveredmethods="32"/>
        <line num="3" count="21" type="stmt"/>
        <line num="4" count="834" type="cond" truecount="1" falsecount="0"/>
        <line num="5" count="556" type="cond" truecount="1" falsecount="0"/>
        <line num="6" count="139" type="stmt"/>
        <line num="18" count="139" type="stmt"/>
        <line num="29" count="556" type="stmt"/>
        <line num="30" count="278" type="stmt"/>
        <line num="31" count="139" type="stmt"/>
        <line num="39" count="139" type="stmt"/>
        <line num="66" count="1390" type="stmt"/>
        <line num="67" count="834" type="stmt"/>
        <line num="69" count="1390" type="stmt"/>
        <line num="70" count="834" type="stmt"/>
        <line num="80" count="1390" type="stmt"/>
        <line num="81" count="834" type="stmt"/>
        <line num="112" count="21" type="stmt"/>
        <line num="113" count="21" type="stmt"/>
        <line num="114" count="21" type="stmt"/>
        <line num="115" count="21" type="stmt"/>
        <line num="116" count="21" type="stmt"/>
        <line num="117" count="21" type="stmt"/>
        <line num="119" count="21" type="stmt"/>
        <line num="120" count="21" type="stmt"/>
        <line num="124" count="6" type="cond" truecount="2" falsecount="0"/>
        <line num="127" count="21" type="stmt"/>
        <line num="135" count="21" type="stmt"/>
        <line num="143" count="21" type="stmt"/>
        <line num="151" count="21" type="stmt"/>
        <line num="161" count="516" type="cond" truecount="1" falsecount="0"/>
        <line num="162" count="43" type="stmt"/>
        <line num="176" count="43" type="stmt"/>
        <line num="189" count="172" type="stmt"/>
        <line num="190" count="86" type="stmt"/>
        <line num="191" count="43" type="stmt"/>
        <line num="199" count="43" type="stmt"/>
        <line num="220" count="516" type="cond" truecount="2" falsecount="0"/>
        <line num="221" count="344" type="stmt"/>
        <line num="228" count="516" type="cond" truecount="2" falsecount="0"/>
        <line num="229" count="344" type="stmt"/>
        <line num="244" count="516" type="cond" truecount="2" falsecount="0"/>
        <line num="245" count="344" type="stmt"/>
        <line num="278" count="336" type="stmt"/>
        <line num="279" count="528" type="stmt"/>
        <line num="280" count="336" type="cond" truecount="3" falsecount="0"/>
        <line num="283" count="528" type="cond" truecount="3" falsecount="0"/>
        <line num="284" count="48" type="cond" truecount="2" falsecount="0"/>
        <line num="287" count="48" type="cond" truecount="2" falsecount="0"/>
        <line num="289" count="144" type="stmt"/>
        <line num="290" count="48" type="cond" truecount="2" falsecount="0"/>
        <line num="292" count="144" type="stmt"/>
        <line num="293" count="48" type="cond" truecount="2" falsecount="0"/>
        <line num="295" count="144" type="stmt"/>
        <line num="296" count="48" type="stmt"/>
      </file>
    </package>
    <package name="exports">
      <metrics statements="137" coveredstatements="107" conditionals="164" coveredconditionals="118" methods="58" coveredmethods="43"/>
      <file name="resultCsvExport.ts" path="/home/masaharu/Projects/spacer-clone/frontend/src/exports/resultCsvExport.ts">
        <metrics statements="66" coveredstatements="44" conditionals="74" coveredconditionals="51" methods="29" coveredmethods="16"/>
        <line num="11" count="1" type="stmt"/>
        <line num="12" count="1" type="stmt"/>
        <line num="13" count="1" type="stmt"/>
        <line num="25" count="1" type="stmt"/>
        <line num="48" count="1" type="stmt"/>
        <line num="69" count="6" type="stmt"/>
        <line num="80" count="6" type="stmt"/>
        <line num="81" count="6" type="cond" truecount="2" falsecount="0"/>
        <line num="82" count="1" type="stmt"/>
        <line num="84" count="6" type="stmt"/>
        <line num="85" count="6" type="cond" truecount="1" falsecount="1"/>
        <line num="86" count="0" type="stmt"/>
        <line num="87" count="0" type="stmt"/>
        <line num="89" count="0" type="stmt"/>
        <line num="91" count="6" type="stmt"/>
        <line num="95" count="6" type="stmt"/>
        <line num="96" count="6" type="stmt"/>
        <line num="97" count="6" type="cond" truecount="1" falsecount="1"/>
        <line num="98" count="0" type="stmt"/>
        <line num="99" count="0" type="cond" truecount="0" falsecount="2"/>
        <line num="101" count="0" type="cond" truecount="0" falsecount="2"/>
        <line num="103" count="6" type="stmt"/>
        <line num="107" count="6" type="stmt"/>
        <line num="111" count="6" type="stmt"/>
        <line num="112" count="6" type="cond" truecount="1" falsecount="1"/>
        <line num="113" count="0" type="stmt"/>
        <line num="114" count="0" type="cond" truecount="0" falsecount="2"/>
        <line num="116" count="0" type="cond" truecount="0" falsecount="2"/>
        <line num="118" count="6" type="stmt"/>
        <line num="122" count="6" type="stmt"/>
        <line num="123" count="6" type="cond" truecount="2" falsecount="0"/>
        <line num="124" count="1" type="stmt"/>
        <line num="125" count="1" type="stmt"/>
        <line num="126" count="1" type="stmt"/>
        <line num="127" count="1" type="stmt"/>
        <line num="128" count="1" type="stmt"/>
        <line num="129" count="1" type="stmt"/>
        <line num="130" count="1" type="stmt"/>
        <line num="157" count="6" type="cond" truecount="2" falsecount="0"/>
        <line num="161" count="6" type="stmt"/>
        <line num="162" count="6" type="cond" truecount="2" falsecount="0"/>
        <line num="164" count="8" type="stmt"/>
        <line num="165" count="4" type="stmt"/>
        <line num="166" count="7" type="cond" truecount="2" falsecount="0"/>
        <line num="167" count="1" type="stmt"/>
        <line num="169" count="6" type="stmt"/>
        <line num="170" count="12" type="stmt"/>
        <line num="191" count="0" type="stmt"/>
        <line num="204" count="0" type="stmt"/>
        <line num="217" count="0" type="stmt"/>
        <line num="232" count="0" type="stmt"/>
        <line num="233" count="0" type="stmt"/>
        <line num="234" count="0" type="stmt"/>
        <line num="236" count="0" type="cond" truecount="0" falsecount="2"/>
        <line num="249" count="0" type="stmt"/>
        <line num="250" count="0" type="stmt"/>
        <line num="252" count="0" type="stmt"/>
        <line num="256" count="0" type="stmt"/>
        <line num="264" count="0" type="stmt"/>
        <line num="268" count="29" type="stmt"/>
        <line num="270" count="156" type="cond" truecount="1" falsecount="1"/>
        <line num="275" count="156" type="cond" truecount="2" falsecount="0"/>
        <line num="276" count="75" type="cond" truecount="2" falsecount="0"/>
        <line num="277" count="74" type="stmt"/>
        <line num="279" count="81" type="cond" truecount="1" falsecount="1"/>
        <line num="280" count="0" type="stmt"/>
      </file>
      <file name="resultPdfReport.ts" path="/home/masaharu/Projects/spacer-clone/frontend/src/exports/resultPdfReport.ts">
        <metrics statements="71" coveredstatements="63" conditionals="90" coveredconditionals="67" methods="29" coveredmethods="27"/>
        <line num="30" count="7" type="stmt"/>
        <line num="31" count="7" type="stmt"/>
        <line num="32" count="3" type="cond" truecount="2" falsecount="0"/>
        <line num="34" count="3" type="stmt"/>
        <line num="38" count="9" type="stmt"/>
        <line num="45" count="14" type="stmt"/>
        <line num="46" count="7" type="stmt"/>
        <line num="47" count="7" type="stmt"/>
        <line num="49" count="7" type="stmt"/>
        <line num="105" count="42" type="cond" truecount="1" falsecount="1"/>
        <line num="116" count="3" type="cond" truecount="1" falsecount="1"/>
        <line num="136" count="3" type="cond" truecount="1" falsecount="1"/>
        <line num="164" count="7" type="stmt"/>
        <line num="166" count="7" type="cond" truecount="2" falsecount="0"/>
        <line num="167" count="7" type="cond" truecount="2" falsecount="0"/>
        <line num="168" count="4" type="stmt"/>
        <line num="189" count="8" type="stmt"/>
        <line num="209" count="4" type="stmt"/>
        <line num="210" count="4" type="cond" truecount="3" falsecount="1"/>
        <line num="211" count="4" type="stmt"/>
        <line num="212" count="4" type="cond" truecount="1" falsecount="1"/>
        <line num="213" count="4" type="stmt"/>
        <line num="224" count="12" type="stmt"/>
        <line num="236" count="7" type="stmt"/>
        <line num="237" count="7" type="cond" truecount="2" falsecount="0"/>
        <line num="238" count="4" type="stmt"/>
        <line num="239" count="4" type="cond" truecount="1" falsecount="1"/>
        <line num="240" count="4" type="stmt"/>
        <line num="277" count="4" type="cond" truecount="1" falsecount="1"/>
        <line num="278" count="4" type="cond" truecount="1" falsecount="1"/>
        <line num="279" count="4" type="stmt"/>
        <line num="285" count="8" type="stmt"/>
        <line num="299" count="4" type="cond" truecount="2" falsecount="0"/>
        <line num="300" count="4" type="cond" truecount="2" falsecount="0"/>
        <line num="301" count="1" type="stmt"/>
        <line num="307" count="1" type="stmt"/>
        <line num="321" count="4" type="cond" truecount="2" falsecount="0"/>
        <line num="322" count="4" type="cond" truecount="2" falsecount="0"/>
        <line num="323" count="1" type="stmt"/>
        <line num="329" count="1" type="stmt"/>
        <line num="340" count="4" type="cond" truecount="2" falsecount="0"/>
        <line num="341" count="4" type="cond" truecount="2" falsecount="0"/>
        <line num="342" count="1" type="stmt"/>
        <line num="355" count="1" type="stmt"/>
        <line num="370" count="4" type="cond" truecount="2" falsecount="0"/>
        <line num="371" count="1" type="stmt"/>
        <line num="391" count="7" type="stmt"/>
        <line num="398" count="84" type="cond" truecount="1" falsecount="1"/>
        <line num="399" count="168" type="stmt"/>
        <line num="400" count="84" type="cond" truecount="1" falsecount="1"/>
        <line num="404" count="4" type="stmt"/>
        <line num="442" count="0" type="stmt"/>
        <line num="443" count="0" type="stmt"/>
        <line num="444" count="0" type="stmt"/>
        <line num="445" count="0" type="stmt"/>
        <line num="446" count="0" type="cond" truecount="0" falsecount="2"/>
        <line num="447" count="0" type="stmt"/>
        <line num="448" count="0" type="stmt"/>
        <line num="450" count="0" type="stmt"/>
        <line num="454" count="36" type="stmt"/>
        <line num="462" count="44" type="cond" truecount="2" falsecount="0"/>
        <line num="465" count="151" type="stmt"/>
        <line num="470" count="177" type="stmt"/>
        <line num="471" count="502" type="cond" truecount="2" falsecount="0"/>
        <line num="477" count="44" type="stmt"/>
        <line num="481" count="502" type="cond" truecount="2" falsecount="0"/>
        <line num="482" count="290" type="stmt"/>
        <line num="486" count="212" type="cond" truecount="1" falsecount="1"/>
        <line num="487" count="212" type="cond" truecount="5" falsecount="0"/>
        <line num="493" count="749" type="stmt"/>
        <line num="501" count="7" type="cond" truecount="1" falsecount="1"/>
      </file>
    </package>
    <package name="i18n">
      <metrics statements="93" coveredstatements="40" conditionals="0" coveredconditionals="0" methods="92" coveredmethods="39"/>
      <file name="ja.ts" path="/home/masaharu/Projects/spacer-clone/frontend/src/i18n/ja.ts">
        <metrics statements="93" coveredstatements="40" conditionals="0" coveredconditionals="0" methods="92" coveredmethods="39"/>
        <line num="11" count="15" type="stmt"/>
        <line num="304" count="0" type="stmt"/>
        <line num="308" count="0" type="stmt"/>
        <line num="322" count="0" type="stmt"/>
        <line num="419" count="0" type="stmt"/>
        <line num="499" count="2" type="stmt"/>
        <line num="500" count="1" type="stmt"/>
        <line num="503" count="4" type="stmt"/>
        <line num="504" count="1" type="stmt"/>
        <line num="505" count="1" type="stmt"/>
        <line num="506" count="0" type="stmt"/>
        <line num="508" count="98" type="stmt"/>
        <line num="509" count="98" type="stmt"/>
        <line num="510" count="98" type="stmt"/>
        <line num="511" count="98" type="stmt"/>
        <line num="512" count="98" type="stmt"/>
        <line num="513" count="98" type="stmt"/>
        <line num="515" count="1" type="stmt"/>
        <line num="516" count="2" type="stmt"/>
        <line num="518" count="0" type="stmt"/>
        <line num="519" count="0" type="stmt"/>
        <line num="527" count="4" type="stmt"/>
        <line num="528" count="0" type="stmt"/>
        <line num="530" count="4" type="stmt"/>
        <line num="531" count="4" type="stmt"/>
        <line num="541" count="0" type="stmt"/>
        <line num="542" count="0" type="stmt"/>
        <line num="543" count="0" type="stmt"/>
        <line num="553" count="385" type="stmt"/>
        <line num="555" count="77" type="stmt"/>
        <line num="560" count="77" type="stmt"/>
        <line num="562" count="77" type="stmt"/>
        <line num="563" count="77" type="stmt"/>
        <line num="602" count="43" type="stmt"/>
        <line num="611" count="42" type="stmt"/>
        <line num="620" count="0" type="stmt"/>
        <line num="621" count="0" type="stmt"/>
        <line num="622" count="0" type="stmt"/>
        <line num="623" count="0" type="stmt"/>
        <line num="624" count="0" type="stmt"/>
        <line num="625" count="0" type="stmt"/>
        <line num="626" count="0" type="stmt"/>
        <line num="627" count="0" type="stmt"/>
        <line num="651" count="0" type="stmt"/>
        <line num="653" count="0" type="stmt"/>
        <line num="659" count="0" type="stmt"/>
        <line num="684" count="0" type="stmt"/>
        <line num="685" count="0" type="stmt"/>
        <line num="694" count="0" type="stmt"/>
        <line num="695" count="0" type="stmt"/>
        <line num="705" count="1" type="stmt"/>
        <line num="708" count="0" type="stmt"/>
        <line num="709" count="0" type="stmt"/>
        <line num="710" count="0" type="stmt"/>
        <line num="734" count="0" type="stmt"/>
        <line num="821" count="0" type="stmt"/>
        <line num="822" count="0" type="stmt"/>
        <line num="834" count="16" type="stmt"/>
        <line num="835" count="16" type="stmt"/>
        <line num="836" count="16" type="stmt"/>
        <line num="837" count="16" type="stmt"/>
        <line num="839" count="16" type="stmt"/>
        <line num="849" count="29" type="stmt"/>
        <line num="850" count="11" type="stmt"/>
        <line num="853" count="82" type="stmt"/>
        <line num="939" count="0" type="stmt"/>
        <line num="953" count="0" type="stmt"/>
        <line num="954" count="0" type="stmt"/>
        <line num="955" count="0" type="stmt"/>
        <line num="956" count="0" type="stmt"/>
        <line num="957" count="0" type="stmt"/>
        <line num="1056" count="1" type="stmt"/>
        <line num="1066" count="20" type="stmt"/>
        <line num="1080" count="0" type="stmt"/>
        <line num="1081" count="0" type="stmt"/>
        <line num="1082" count="0" type="stmt"/>
        <line num="1086" count="4" type="stmt"/>
        <line num="1087" count="4" type="stmt"/>
        <line num="1088" count="4" type="stmt"/>
        <line num="1089" count="4" type="stmt"/>
        <line num="1090" count="20" type="stmt"/>
        <line num="1105" count="0" type="stmt"/>
        <line num="1108" count="0" type="stmt"/>
        <line num="1109" count="0" type="stmt"/>
        <line num="1110" count="0" type="stmt"/>
        <line num="1111" count="0" type="stmt"/>
        <line num="1118" count="0" type="stmt"/>
        <line num="1119" count="0" type="stmt"/>
        <line num="1120" count="0" type="stmt"/>
        <line num="1121" count="0" type="stmt"/>
        <line num="1122" count="0" type="stmt"/>
        <line num="1125" count="0" type="stmt"/>
        <line num="1153" count="0" type="stmt"/>
      </file>
    </package>
    <package name="i18n.locales">
      <metrics statements="0" coveredstatements="0" conditionals="0" coveredconditionals="0" methods="0" coveredmethods="0"/>
      <file name="ja.json" path="/home/masaharu/Projects/spacer-clone/frontend/src/i18n/locales/ja.json">
        <metrics statements="0" coveredstatements="0" conditionals="0" coveredconditionals="0" methods="0" coveredmethods="0"/>
      </file>
    </package>
    <package name="results">
      <metrics statements="81" coveredstatements="79" conditionals="106" coveredconditionals="83" methods="47" coveredmethods="44"/>
      <file name="resultViewModel.ts" path="/home/masaharu/Projects/spacer-clone/frontend/src/results/resultViewModel.ts">
        <metrics statements="81" coveredstatements="79" conditionals="106" coveredconditionals="83" methods="47" coveredmethods="44"/>
        <line num="164" count="12" type="stmt"/>
        <line num="173" count="12" type="stmt"/>
        <line num="180" count="17" type="cond" truecount="3" falsecount="1"/>
        <line num="182" count="17" type="cond" truecount="2" falsecount="0"/>
        <line num="183" count="17" type="stmt"/>
        <line num="184" count="6" type="cond" truecount="2" falsecount="0"/>
        <line num="185" count="6" type="stmt"/>
        <line num="189" count="17" type="cond" truecount="2" falsecount="0"/>
        <line num="190" count="17" type="stmt"/>
        <line num="191" count="6" type="cond" truecount="2" falsecount="0"/>
        <line num="193" count="6" type="stmt"/>
        <line num="195" count="36" type="stmt"/>
        <line num="196" count="36" type="cond" truecount="2" falsecount="0"/>
        <line num="197" count="36" type="stmt"/>
        <line num="198" count="36" type="stmt"/>
        <line num="211" count="17" type="stmt"/>
        <line num="236" count="21" type="stmt"/>
        <line num="237" count="21" type="cond" truecount="5" falsecount="0"/>
        <line num="239" count="28" type="stmt"/>
        <line num="240" count="8" type="stmt"/>
        <line num="242" count="28" type="stmt"/>
        <line num="243" count="28" type="cond" truecount="1" falsecount="1"/>
        <line num="244" count="28" type="stmt"/>
        <line num="248" count="56" type="stmt"/>
        <line num="255" count="28" type="stmt"/>
        <line num="257" count="8" type="stmt"/>
        <line num="265" count="80" type="cond" truecount="1" falsecount="1"/>
        <line num="266" count="28" type="stmt"/>
        <line num="269" count="56" type="stmt"/>
        <line num="279" count="56" type="cond" truecount="3" falsecount="1"/>
        <line num="280" count="44" type="cond" truecount="3" falsecount="1"/>
        <line num="281" count="24" type="cond" truecount="2" falsecount="2"/>
        <line num="288" count="21" type="cond" truecount="2" falsecount="0"/>
        <line num="289" count="21" type="cond" truecount="5" falsecount="0"/>
        <line num="290" count="10" type="stmt"/>
        <line num="291" count="6" type="cond" truecount="1" falsecount="1"/>
        <line num="293" count="21" type="stmt"/>
        <line num="299" count="10" type="stmt"/>
        <line num="324" count="120" type="cond" truecount="1" falsecount="1"/>
        <line num="328" count="96" type="cond" truecount="2" falsecount="0"/>
        <line num="335" count="33" type="stmt"/>
        <line num="336" count="33" type="cond" truecount="5" falsecount="0"/>
        <line num="338" count="5" type="stmt"/>
        <line num="339" count="5" type="cond" truecount="1" falsecount="1"/>
        <line num="341" count="33" type="cond" truecount="2" falsecount="2"/>
        <line num="343" count="33" type="cond" truecount="1" falsecount="1"/>
        <line num="345" count="0" type="cond" truecount="0" falsecount="2"/>
        <line num="346" count="33" type="cond" truecount="2" falsecount="0"/>
        <line num="347" count="33" type="cond" truecount="1" falsecount="1"/>
        <line num="348" count="33" type="stmt"/>
        <line num="349" count="33" type="stmt"/>
        <line num="350" count="33" type="cond" truecount="2" falsecount="0"/>
        <line num="351" count="33" type="cond" truecount="2" falsecount="0"/>
        <line num="352" count="33" type="stmt"/>
        <line num="354" count="33" type="stmt"/>
        <line num="363" count="2" type="cond" truecount="2" falsecount="0"/>
        <line num="372" count="5" type="stmt"/>
        <line num="379" count="5" type="stmt"/>
        <line num="421" count="7" type="stmt"/>
        <line num="422" count="7" type="cond" truecount="5" falsecount="0"/>
        <line num="423" count="2" type="cond" truecount="2" falsecount="0"/>
        <line num="424" count="1" type="stmt"/>
        <line num="425" count="1" type="cond" truecount="1" falsecount="1"/>
        <line num="427" count="1" type="stmt"/>
        <line num="431" count="9" type="stmt"/>
        <line num="438" count="5" type="stmt"/>
        <line num="447" count="5" type="stmt"/>
        <line num="448" count="5" type="stmt"/>
        <line num="449" count="1" type="stmt"/>
        <line num="450" count="1" type="cond" truecount="2" falsecount="0"/>
        <line num="452" count="5" type="stmt"/>
        <line num="453" count="1" type="stmt"/>
        <line num="454" count="1" type="stmt"/>
        <line num="455" count="1" type="cond" truecount="1" falsecount="1"/>
        <line num="456" count="1" type="stmt"/>
        <line num="461" count="1" type="stmt"/>
        <line num="470" count="3" type="stmt"/>
        <line num="474" count="14" type="stmt"/>
        <line num="478" count="10" type="stmt"/>
        <line num="482" count="10" type="stmt"/>
        <line num="486" count="0" type="cond" truecount="0" falsecount="3"/>
      </file>
    </package>
    <package name="timeHistory">
      <metrics statements="1160" coveredstatements="876" conditionals="1177" coveredconditionals="821" methods="307" coveredmethods="193"/>
      <file name="GroundMotionManagerPanel.tsx" path="/home/masaharu/Projects/spacer-clone/frontend/src/timeHistory/GroundMotionManagerPanel.tsx">
        <metrics statements="147" coveredstatements="114" conditionals="124" coveredconditionals="77" methods="37" coveredmethods="26"/>
        <line num="42" count="115" type="cond" truecount="2" falsecount="1"/>
        <line num="43" count="115" type="cond" truecount="1" falsecount="1"/>
        <line num="44" count="115" type="stmt"/>
        <line num="45" count="115" type="stmt"/>
        <line num="46" count="115" type="stmt"/>
        <line num="47" count="115" type="stmt"/>
        <line num="48" count="115" type="stmt"/>
        <line num="49" count="115" type="stmt"/>
        <line num="50" count="115" type="stmt"/>
        <line num="54" count="115" type="stmt"/>
        <line num="55" count="50" type="stmt"/>
        <line num="57" count="115" type="stmt"/>
        <line num="58" count="11" type="cond" truecount="3" falsecount="1"/>
        <line num="59" count="11" type="cond" truecount="3" falsecount="1"/>
        <line num="60" count="11" type="cond" truecount="1" falsecount="1"/>
        <line num="62" count="11" type="stmt"/>
        <line num="63" count="11" type="stmt"/>
        <line num="76" count="115" type="stmt"/>
        <line num="77" count="0" type="stmt"/>
        <line num="78" count="0" type="cond" truecount="0" falsecount="4"/>
        <line num="79" count="0" type="stmt"/>
        <line num="81" count="115" type="stmt"/>
        <line num="82" count="115" type="cond" truecount="1" falsecount="1"/>
        <line num="83" count="115" type="stmt"/>
        <line num="88" count="115" type="stmt"/>
        <line num="93" count="115" type="cond" truecount="2" falsecount="0"/>
        <line num="94" count="115" type="cond" truecount="2" falsecount="0"/>
        <line num="96" count="115" type="stmt"/>
        <line num="97" count="0" type="cond" truecount="0" falsecount="2"/>
        <line num="98" count="0" type="stmt"/>
        <line num="101" count="115" type="stmt"/>
        <line num="102" count="9" type="stmt"/>
        <line num="104" count="9" type="stmt"/>
        <line num="105" count="9" type="cond" truecount="4" falsecount="1"/>
        <line num="106" count="9" type="stmt"/>
        <line num="107" count="9" type="stmt"/>
        <line num="108" count="9" type="stmt"/>
        <line num="109" count="9" type="stmt"/>
        <line num="111" count="0" type="stmt"/>
        <line num="115" count="115" type="stmt"/>
        <line num="116" count="0" type="cond" truecount="0" falsecount="2"/>
        <line num="117" count="0" type="stmt"/>
        <line num="120" count="115" type="stmt"/>
        <line num="121" count="2" type="stmt"/>
        <line num="122" count="2" type="stmt"/>
        <line num="123" count="2" type="cond" truecount="4" falsecount="1"/>
        <line num="124" count="2" type="stmt"/>
        <line num="125" count="2" type="stmt"/>
        <line num="126" count="2" type="stmt"/>
        <line num="127" count="2" type="stmt"/>
        <line num="129" count="0" type="stmt"/>
        <line num="133" count="115" type="stmt"/>
        <line num="134" count="2" type="cond" truecount="1" falsecount="1"/>
        <line num="135" count="2" type="cond" truecount="1" falsecount="1"/>
        <line num="136" count="0" type="cond" truecount="0" falsecount="2"/>
        <line num="137" count="0" type="stmt"/>
        <line num="139" count="2" type="cond" truecount="1" falsecount="1"/>
        <line num="140" count="2" type="stmt"/>
        <line num="148" count="2" type="stmt"/>
        <line num="150" count="0" type="stmt"/>
        <line num="153" count="115" type="stmt"/>
        <line num="154" count="1" type="cond" truecount="3" falsecount="1"/>
        <line num="155" count="1" type="cond" truecount="1" falsecount="1"/>
        <line num="156" count="1" type="stmt"/>
[...]
        <line num="279" count="0" type="stmt"/>
        <line num="280" count="0" type="stmt"/>
      </file>
      <file name="types.ts" path="/home/masaharu/Projects/spacer-clone/frontend/src/viewer/types.ts">
        <metrics statements="2" coveredstatements="2" conditionals="0" coveredconditionals="0" methods="0" coveredmethods="0"/>
        <line num="124" count="5" type="stmt"/>
        <line num="156" count="5" type="stmt"/>
      </file>
    </package>
    <package name="viewer.renderers">
      <metrics statements="292" coveredstatements="132" conditionals="171" coveredconditionals="62" methods="38" coveredmethods="18"/>
      <file name="DeformedShapeRenderer.ts" path="/home/masaharu/Projects/spacer-clone/frontend/src/viewer/renderers/DeformedShapeRenderer.ts">
        <metrics statements="26" coveredstatements="26" conditionals="24" coveredconditionals="17" methods="1" coveredmethods="1"/>
        <line num="24" count="2" type="cond" truecount="2" falsecount="2"/>
        <line num="25" count="2" type="cond" truecount="4" falsecount="1"/>
        <line num="26" count="2" type="stmt"/>
        <line num="27" count="2" type="stmt"/>
        <line num="34" count="2" type="cond" truecount="1" falsecount="1"/>
        <line num="36" count="2" type="stmt"/>
        <line num="37" count="2" type="stmt"/>
        <line num="42" count="2" type="stmt"/>
        <line num="44" count="2" type="stmt"/>
        <line num="45" count="20" type="stmt"/>
        <line num="46" count="20" type="cond" truecount="2" falsecount="0"/>
        <line num="47" count="2" type="stmt"/>
        <line num="48" count="2" type="stmt"/>
        <line num="49" count="2" type="stmt"/>
        <line num="52" count="2" type="stmt"/>
        <line num="53" count="18" type="stmt"/>
        <line num="54" count="18" type="cond" truecount="1" falsecount="1"/>
        <line num="55" count="18" type="stmt"/>
        <line num="56" count="18" type="stmt"/>
        <line num="57" count="18" type="cond" truecount="4" falsecount="0"/>
        <line num="58" count="2" type="stmt"/>
        <line num="59" count="2" type="stmt"/>
        <line num="60" count="2" type="cond" truecount="1" falsecount="1"/>
        <line num="61" count="2" type="cond" truecount="1" falsecount="1"/>
        <line num="62" count="2" type="stmt"/>
        <line num="65" count="2" type="stmt"/>
      </file>
      <file name="LoadRenderer.ts" path="/home/masaharu/Projects/spacer-clone/frontend/src/viewer/renderers/LoadRenderer.ts">
        <metrics statements="71" coveredstatements="33" conditionals="27" coveredconditionals="10" methods="11" coveredmethods="8"/>
        <line num="11" count="5" type="stmt"/>
        <line num="12" count="5" type="stmt"/>
        <line num="13" count="5" type="stmt"/>
        <line num="22" count="2" type="stmt"/>
        <line num="23" count="2" type="stmt"/>
        <line num="24" count="2" type="stmt"/>
        <line num="26" count="2" type="stmt"/>
        <line num="27" count="2" type="stmt"/>
        <line num="30" count="2" type="stmt"/>
        <line num="32" count="2" type="stmt"/>
        <line num="33" count="2" type="stmt"/>
        <line num="36" count="2" type="stmt"/>
        <line num="38" count="2" type="cond" truecount="1" falsecount="1"/>
        <line num="40" count="2" type="stmt"/>
        <line num="41" count="2" type="cond" truecount="1" falsecount="1"/>
        <line num="42" count="2" type="stmt"/>
        <line num="43" count="2" type="cond" truecount="1" falsecount="1"/>
        <line num="44" count="2" type="stmt"/>
        <line num="45" count="2" type="stmt"/>
        <line num="46" count="2" type="cond" truecount="1" falsecount="1"/>
        <line num="47" count="2" type="stmt"/>
        <line num="48" count="2" type="stmt"/>
        <line num="59" count="2" type="stmt"/>
        <line num="60" count="2" type="cond" truecount="1" falsecount="1"/>
        <line num="61" count="0" type="stmt"/>
        <line num="62" count="0" type="stmt"/>
        <line num="66" count="2" type="stmt"/>
        <line num="67" count="0" type="cond" truecount="0" falsecount="2"/>
        <line num="68" count="0" type="stmt"/>
        <line num="73" count="2" type="stmt"/>
        <line num="83" count="0" type="stmt"/>
        <line num="84" count="0" type="stmt"/>
        <line num="85" count="0" type="cond" truecount="0" falsecount="2"/>
        <line num="86" count="0" type="stmt"/>
        <line num="87" count="0" type="cond" truecount="0" falsecount="2"/>
        <line num="88" count="0" type="stmt"/>
        <line num="89" count="0" type="cond" truecount="0" falsecount="2"/>
        <line num="90" count="0" type="stmt"/>
        <line num="91" count="0" type="stmt"/>
        <line num="92" count="0" type="stmt"/>
        <line num="93" count="0" type="stmt"/>
        <line num="94" count="0" type="stmt"/>
        <line num="95" count="0" type="stmt"/>
        <line num="96" count="0" type="stmt"/>
        <line num="97" count="0" type="stmt"/>
        <line num="105" count="0" type="stmt"/>
        <line num="107" count="0" type="stmt"/>
        <line num="111" count="0" type="stmt"/>
        <line num="112" count="0" type="stmt"/>
        <line num="113" count="0" type="stmt"/>
        <line num="114" count="0" type="cond" truecount="0" falsecount="2"/>
        <line num="115" count="0" type="stmt"/>
        <line num="116" count="0" type="stmt"/>
        <line num="117" count="0" type="stmt"/>
        <line num="118" count="0" type="stmt"/>
        <line num="119" count="0" type="stmt"/>
        <line num="120" count="0" type="stmt"/>
        <line num="121" count="0" type="stmt"/>
        <line num="127" count="0" type="stmt"/>
        <line num="128" count="0" type="stmt"/>
        <line num="129" count="0" type="stmt"/>
        <line num="130" count="0" type="stmt"/>
        <line num="131" count="0" type="stmt"/>
        <line num="132" count="0" type="stmt"/>
        <line num="136" count="4" type="cond" truecount="1" falsecount="1"/>
        <line num="137" count="4" type="cond" truecount="2" falsecount="0"/>
        <line num="141" count="2" type="stmt"/>
        <line num="142" count="20" type="stmt"/>
        <line num="143" count="2" type="cond" truecount="1" falsecount="1"/>
        <line num="144" count="2" type="stmt"/>
        <line num="148" count="2" type="stmt"/>
      </file>
      <file name="MemberRenderer.ts" path="/home/masaharu/Projects/spacer-clone/frontend/src/viewer/renderers/MemberRenderer.ts">
        <metrics statements="26" coveredstatements="0" conditionals="18" coveredconditionals="0" methods="2" coveredmethods="0"/>
        <line num="15" count="0" type="stmt"/>
        <line num="16" count="0" type="stmt"/>
        <line num="18" count="0" type="stmt"/>
        <line num="19" count="0" type="stmt"/>
        <line num="20" count="0" type="cond" truecount="0" falsecount="2"/>
        <line num="21" count="0" type="cond" truecount="0" falsecount="2"/>
        <line num="22" count="0" type="cond" truecount="0" falsecount="4"/>
        <line num="23" count="0" type="cond" truecount="0" falsecount="2"/>
        <line num="24" count="0" type="stmt"/>
        <line num="25" count="0" type="stmt"/>
        <line num="27" count="0" type="stmt"/>
        <line num="28" count="0" type="stmt"/>
        <line num="36" count="0" type="stmt"/>
        <line num="37" count="0" type="stmt"/>
        <line num="39" count="0" type="stmt"/>
        <line num="48" count="0" type="stmt"/>
        <line num="49" count="0" type="stmt"/>
        <line num="50" count="0" type="stmt"/>
        <line num="51" count="0" type="stmt"/>
        <line num="52" count="0" type="stmt"/>
        <line num="53" count="0" type="stmt"/>
        <line num="54" count="0" type="cond" truecount="0" falsecount="2"/>
        <line num="55" count="0" type="cond" truecount="0" falsecount="2"/>
        <line num="56" count="0" type="stmt"/>
        <line num="57" count="0" type="stmt"/>
        <line num="59" count="0" type="stmt"/>
      </file>
      <file name="NodeRenderer.ts" path="/home/masaharu/Projects/spacer-clone/frontend/src/viewer/renderers/NodeRenderer.ts">
        <metrics statements="28" coveredstatements="2" conditionals="16" coveredconditionals="0" methods="2" coveredmethods="0"/>
        <line num="7" count="4" type="stmt"/>
        <line num="8" count="4" type="stmt"/>
        <line num="18" count="0" type="stmt"/>
        <line num="19" count="0" type="stmt"/>
        <line num="20" count="0" type="stmt"/>
        <line num="21" count="0" type="stmt"/>
        <line num="23" count="0" type="stmt"/>
        <line num="24" count="0" type="stmt"/>
        <line num="25" count="0" type="cond" truecount="0" falsecount="2"/>
        <line num="26" count="0" type="cond" truecount="0" falsecount="2"/>
        <line num="27" count="0" type="cond" truecount="0" falsecount="2"/>
        <line num="28" count="0" type="stmt"/>
        <line num="29" count="0" type="stmt"/>
        <line num="30" count="0" type="cond" truecount="0" falsecount="2"/>
        <line num="31" count="0" type="cond" truecount="0" falsecount="2"/>
        <line num="33" count="0" type="stmt"/>
        <line num="35" count="0" type="stmt"/>
        <line num="44" count="0" type="stmt"/>
        <line num="45" count="0" type="stmt"/>
        <line num="46" count="0" type="stmt"/>
        <line num="47" count="0" type="stmt"/>
        <line num="48" count="0" type="stmt"/>
        <line num="49" count="0" type="stmt"/>
        <line num="50" count="0" type="cond" truecount="0" falsecount="2"/>
        <line num="51" count="0" type="cond" truecount="0" falsecount="2"/>
        <line num="52" count="0" type="stmt"/>
        <line num="53" count="0" type="stmt"/>
        <line num="55" count="0" type="stmt"/>
      </file>
      <file name="ResultDiagramRenderer.ts" path="/home/masaharu/Projects/spacer-clone/frontend/src/viewer/renderers/ResultDiagramRenderer.ts">
        <metrics statements="103" coveredstatements="68" conditionals="69" coveredconditionals="35" methods="20" coveredmethods="9"/>
        <line num="15" count="5" type="stmt"/>
        <line num="16" count="5" type="stmt"/>
        <line num="17" count="5" type="stmt"/>
        <line num="18" count="5" type="stmt"/>
        <line num="29" count="3" type="stmt"/>
        <line num="30" count="3" type="cond" truecount="2" falsecount="0"/>
        <line num="31" count="3" type="cond" truecount="3" falsecount="1"/>
        <line num="33" count="3" type="stmt"/>
        <line num="34" count="3" type="stmt"/>
        <line num="35" count="3" type="stmt"/>
        <line num="36" count="3" type="stmt"/>
        <line num="38" count="3" type="cond" truecount="2" falsecount="0"/>
        <line num="39" count="2" type="stmt"/>
        <line num="43" count="3" type="cond" truecount="2" falsecount="0"/>
        <line num="44" count="1" type="stmt"/>
        <line num="51" count="3" type="cond" truecount="1" falsecount="1"/>
        <line num="52" count="0" type="stmt"/>
        <line num="54" count="3" type="cond" truecount="4" falsecount="0"/>
        <line num="55" count="1" type="stmt"/>
        <line num="57" count="3" type="cond" truecount="1" falsecount="1"/>
        <line num="58" count="0" type="stmt"/>
        <line num="60" count="3" type="cond" truecount="1" falsecount="1"/>
        <line num="61" count="0" type="stmt"/>
        <line num="64" count="3" type="stmt"/>
        <line num="73" count="1" type="stmt"/>
        <line num="74" count="1" type="stmt"/>
        <line num="75" count="1" type="stmt"/>
        <line num="76" count="1" type="cond" truecount="1" falsecount="1"/>
        <line num="77" count="1" type="stmt"/>
        <line num="85" count="1" type="cond" truecount="1" falsecount="1"/>
        <line num="86" count="1" type="stmt"/>
        <line num="87" count="1" type="stmt"/>
        <line num="88" count="1" type="stmt"/>
        <line num="89" count="1" type="stmt"/>
        <line num="91" count="1" type="stmt"/>
        <line num="94" count="5" type="stmt"/>
        <line num="115" count="1" type="stmt"/>
        <line num="116" count="1" type="stmt"/>
        <line num="117" count="6" type="stmt"/>
        <line num="118" count="6" type="cond" truecount="4" falsecount="0"/>
        <line num="119" count="6" type="cond" truecount="2" falsecount="0"/>
        <line num="120" count="1" type="stmt"/>
        <line num="121" count="1" type="cond" truecount="1" falsecount="1"/>
        <line num="122" count="1" type="stmt"/>
        <line num="123" count="1" type="cond" truecount="1" falsecount="1"/>
        <line num="124" count="1" type="stmt"/>
        <line num="128" count="2" type="stmt"/>
        <line num="129" count="2" type="cond" truecount="2" falsecount="0"/>
        <line num="130" count="2" type="stmt"/>
        <line num="131" count="2" type="stmt"/>
        <line num="139" count="2" type="stmt"/>
        <line num="142" count="1" type="stmt"/>
        <line num="151" count="2" type="stmt"/>
        <line num="152" count="2" type="stmt"/>
        <line num="154" count="2" type="stmt"/>
        <line num="155" count="2" type="stmt"/>
        <line num="156" count="2" type="cond" truecount="1" falsecount="1"/>
        <line num="157" count="2" type="stmt"/>
        <line num="163" count="2" type="cond" truecount="1" falsecount="1"/>
        <line num="164" count="2" type="stmt"/>
        <line num="165" count="2" type="stmt"/>
        <line num="166" count="2" type="stmt"/>
        <line num="174" count="2" type="stmt"/>
        <line num="177" count="2" type="stmt"/>
        <line num="191" count="0" type="stmt"/>
        <line num="192" count="0" type="stmt"/>
        <line num="193" count="0" type="stmt"/>
        <line num="196" count="0" type="stmt"/>
        <line num="198" count="0" type="stmt"/>
        <line num="199" count="0" type="stmt"/>
        <line num="200" count="0" type="cond" truecount="0" falsecount="2"/>
        <line num="201" count="0" type="stmt"/>
        <line num="202" count="0" type="cond" truecount="0" falsecount="2"/>
        <line num="203" count="0" type="stmt"/>
        <line num="204" count="0" type="cond" truecount="0" falsecount="2"/>
        <line num="205" count="0" type="stmt"/>
        <line num="206" count="0" type="stmt"/>
        <line num="207" count="0" type="stmt"/>
        <line num="208" count="0" type="stmt"/>
        <line num="209" count="0" type="stmt"/>
        <line num="210" count="0" type="stmt"/>
        <line num="212" count="0" type="stmt"/>
        <line num="214" count="0" type="stmt"/>
        <line num="215" count="0" type="stmt"/>
        <line num="216" count="0" type="cond" truecount="0" falsecount="2"/>
        <line num="217" count="0" type="stmt"/>
        <line num="222" count="0" type="stmt"/>
        <line num="227" count="0" type="cond" truecount="0" falsecount="2"/>
        <line num="232" count="0" type="stmt"/>
        <line num="233" count="0" type="cond" truecount="0" falsecount="2"/>
        <line num="234" count="0" type="stmt"/>
        <line num="236" count="0" type="cond" truecount="0" falsecount="2"/>
        <line num="237" count="0" type="stmt"/>
        <line num="239" count="0" type="stmt"/>
        <line num="243" count="2" type="cond" truecount="1" falsecount="1"/>
        <line num="244" count="2" type="cond" truecount="1" falsecount="1"/>
        <line num="248" count="3" type="stmt"/>
        <line num="249" count="30" type="stmt"/>
        <line num="250" count="3" type="cond" truecount="1" falsecount="1"/>
        <line num="251" count="3" type="stmt"/>
        <line num="255" count="0" type="cond" truecount="0" falsecount="2"/>
        <line num="256" count="0" type="cond" truecount="0" falsecount="2"/>
        <line num="260" count="2" type="stmt"/>
      </file>
      <file name="SupportRenderer.ts" path="/home/masaharu/Projects/spacer-clone/frontend/src/viewer/renderers/SupportRenderer.ts">
        <metrics statements="38" coveredstatements="3" conditionals="17" coveredconditionals="0" methods="2" coveredmethods="0"/>
        <line num="7" count="4" type="stmt"/>
        <line num="8" count="4" type="stmt"/>
        <line num="9" count="4" type="stmt"/>
        <line num="17" count="0" type="stmt"/>
        <line num="18" count="0" type="stmt"/>
        <line num="19" count="0" type="cond" truecount="0" falsecount="2"/>
        <line num="21" count="0" type="stmt"/>
        <line num="22" count="0" type="stmt"/>
        <line num="23" count="0" type="cond" truecount="0" falsecount="2"/>
        <line num="24" count="0" type="stmt"/>
        <line num="25" count="0" type="stmt"/>
        <line num="26" count="0" type="stmt"/>
        <line num="30" count="0" type="cond" truecount="0" falsecount="2"/>
        <line num="31" count="0" type="stmt"/>
        <line num="32" count="0" type="stmt"/>
        <line num="33" count="0" type="stmt"/>
        <line num="34" count="0" type="stmt"/>
        <line num="35" count="0" type="stmt"/>
        <line num="36" count="0" type="stmt"/>
        <line num="37" count="0" type="stmt"/>
        <line num="40" count="0" type="stmt"/>
        <line num="44" count="0" type="stmt"/>
        <line num="45" count="0" type="stmt"/>
        <line num="46" count="0" type="cond" truecount="0" falsecount="2"/>
        <line num="47" count="0" type="stmt"/>
        <line num="48" count="0" type="stmt"/>
        <line num="49" count="0" type="stmt"/>
        <line num="53" count="0" type="stmt"/>
        <line num="54" count="0" type="stmt"/>
        <line num="55" count="0" type="stmt"/>
        <line num="59" count="0" type="stmt"/>
        <line num="60" count="0" type="stmt"/>
        <line num="63" count="0" type="stmt"/>
        <line num="67" count="0" type="stmt"/>
        <line num="68" count="0" type="stmt"/>
        <line num="69" count="0" type="cond" truecount="0" falsecount="4"/>
        <line num="70" count="0" type="cond" truecount="0" falsecount="2"/>
        <line num="71" count="0" type="stmt"/>
      </file>
    </package>
    <package name="viewer.settings">
      <metrics statements="25" coveredstatements="23" conditionals="19" coveredconditionals="16" methods="4" coveredmethods="4"/>
      <file name="displaySize.ts" path="/home/masaharu/Projects/spacer-clone/frontend/src/viewer/settings/displaySize.ts">
        <metrics statements="25" coveredstatements="23" conditionals="19" coveredconditionals="16" methods="4" coveredmethods="4"/>
        <line num="9" count="5" type="stmt"/>
        <line num="17" count="5" type="stmt"/>
        <line num="22" count="5" type="stmt"/>
        <line num="35" count="96" type="stmt"/>
        <line num="36" count="96" type="cond" truecount="1" falsecount="1"/>
        <line num="37" count="96" type="stmt"/>
        <line num="42" count="20" type="cond" truecount="5" falsecount="0"/>
        <line num="43" count="1" type="stmt"/>
        <line num="45" count="19" type="stmt"/>
        <line num="46" count="19" type="stmt"/>
        <line num="47" count="19" type="stmt"/>
        <line num="48" count="95" type="stmt"/>
        <line num="49" count="95" type="cond" truecount="2" falsecount="0"/>
        <line num="53" count="19" type="stmt"/>
        <line num="58" count="12" type="cond" truecount="3" falsecount="1"/>
        <line num="59" count="0" type="stmt"/>
        <line num="61" count="12" type="stmt"/>
        <line num="62" count="12" type="stmt"/>
        <line num="63" count="12" type="cond" truecount="2" falsecount="0"/>
        <line num="65" count="1" type="stmt"/>
        <line num="66" count="1" type="stmt"/>
        <line num="72" count="10" type="cond" truecount="3" falsecount="1"/>
        <line num="73" count="10" type="stmt"/>
        <line num="74" count="10" type="stmt"/>
        <line num="79" count="0" type="stmt"/>
      </file>
    </package>
  </project>
</coverage>
