{"numTotalTestSuites":17,"numPassedTestSuites":17,"numFailedTestSuites":0,"numPendingTestSuites":0,"numTotalTests":47,"numPassedTests":47,"numFailedTests":0,"numPendingTests":0,"numTodoTests":0,"snapshot":{"added":0,"failure":false,"filesAdded":0,"filesRemoved":0,"filesRemovedList":[],"filesUnmatched":0,"filesUpdated":0,"matched":0,"total":0,"unchecked":0,"uncheckedKeysByFile":[],"unmatched":0,"updated":0,"didUpdate":false},"startTime":1785757389744,"success":true,"testResults":[{"assertionResults":[{"ancestorTitles":["WorkflowStatusBadge (E2E-S4A-005 not color-only)"],"fullName":"WorkflowStatusBadge (E2E-S4A-005 not color-only) renders text label for COMPLETE (not color-only)","status":"passed","title":"renders text label for COMPLETE (not color-only)","duration":29.694406000000072,"failureMessages":[],"meta":{},"tags":[]},{"ancestorTitles":["WorkflowStatusBadge (E2E-S4A-005 not color-only)"],"fullName":"WorkflowStatusBadge (E2E-S4A-005 not color-only) renders RECOMMENDED flag when recommended","status":"passed","title":"renders RECOMMENDED flag when recommended","duration":4.258080000000064,"failureMessages":[],"meta":{},"tags":[]},{"ancestorTitles":["WorkflowStepCard"],"fullName":"WorkflowStepCard shows id, label, diagnostics and disabled reason for BLOCKED steps","status":"passed","title":"shows id, label, diagnostics and disabled reason for BLOCKED steps","duration":45.310653,"failureMessages":[],"meta":{},"tags":[]},{"ancestorTitles":["WorkflowControlScreen (full model)"],"fullName":"WorkflowControlScreen (full model) renders all 15 steps in registry order with progress summary","status":"passed","title":"renders all 15 steps in registry order with progress summary","duration":103.67845099999977,"failureMessages":[],"meta":{},"tags":[]},{"ancestorTitles":["WorkflowControlScreen (full model)"],"fullName":"WorkflowControlScreen (full model) marks STALE steps with regeneration CTA after input mutation","status":"passed","title":"marks STALE steps with regeneration CTA after input mutation","duration":78.7088520000002,"failureMessages":[],"meta":{},"tags":[]},{"ancestorTitles":["WorkflowControlScreen (full model)"],"fullName":"WorkflowControlScreen (full model) navigation handler receives the step navigation target","status":"passed","title":"navigation handler receives the step navigation target","duration":53.107898000000205,"failureMessages":[],"meta":{},"tags":[]},{"ancestorTitles":["WorkflowProgressSummary"],"fullName":"WorkflowProgressSummary renders progress counts and recommended step","status":"passed","title":"renders progress counts and recommended step","duration":5.593846000000212,"failureMessages":[],"meta":{},"tags":[]}],"startTime":1785757391891,"endTime":1785757392212.5938,"status":"passed","message":"","name":"/home/masaharu/Projects/spacer-clone/frontend/src/apollo/__tests__/WorkflowControlScreen.test.tsx"},{"assertionResults":[{"ancestorTitles":["workflow registry"],"fullName":"workflow registry defines WF-01..WF-15 with unique ids and sequential order","status":"passed","title":"defines WF-01..WF-15 with unique ids and sequential order","duration":3.5750030000000095,"failureMessages":[],"meta":{},"tags":[]},{"ancestorTitles":["workflow registry"],"fullName":"workflow registry covers every capability exactly once","status":"passed","title":"covers every capability exactly once","duration":0.6124760000000151,"failureMessages":[],"meta":{},"tags":[]},{"ancestorTitles":["workflow registry"],"fullName":"workflow registry keeps WF-01/WF-03/WF-05/WF-06 as future (non-gating) capabilities","status":"passed","title":"keeps WF-01/WF-03/WF-05/WF-06 as future (non-gating) capabilities","duration":0.6934379999999862,"failureMessages":[],"meta":{},"tags":[]},{"ancestorTitles":["workflow registry"],"fullName":"workflow registry has no dependency cycles and edges match the registry","status":"passed","title":"has no dependency cycles and edges match the registry","duration":1.9272750000000087,"failureMessages":[],"meta":{},"tags":[]},{"ancestorTitles":["workflow registry"],"fullName":"workflow registry declares the frozen dependency edges","status":"passed","title":"declares the frozen dependency edges","duration":1.4564420000000098,"failureMessages":[],"meta":{},"tags":[]},{"ancestorTitles":["workflow registry"],"fullName":"workflow registry topologically sorts and propagates downstream","status":"passed","title":"topologically sorts and propagates downstream","duration":1.98546300000001,"failureMessages":[],"meta":{},"tags":[]},{"ancestorTitles":["workflow registry"],"fullName":"workflow registry exposes navigation targets for every step","status":"passed","title":"exposes navigation targets for every step","duration":2.4000070000000164,"failureMessages":[],"meta":{},"tags":[]},{"ancestorTitles":["workflow registry"],"fullName":"workflow registry getWorkflowStepDefinition throws for unknown id","status":"passed","title":"getWorkflowStepDefinition throws for unknown id","duration":0.32953399999999533,"failureMessages":[],"meta":{},"tags":[]}],"startTime":1785757390016,"endTime":1785757390029.4,"status":"passed","message":"","name":"/home/masaharu/Projects/spacer-clone/frontend/src/apollo/workflow/__tests__/workflowRegistry.test.ts"},{"assertionResults":[{"ancestorTitles":["workflow state model — registry & progress shape"],"fullName":"workflow state model — registry & progress shape produces all 15 steps in registry order","status":"passed","title":"produces all 15 steps in registry order","duration":15.211586000000125,"failureMessages":[],"meta":{},"tags":[]},{"ancestorTitles":["workflow state model — registry & progress shape"],"fullName":"workflow state model — registry & progress shape carries NOT_GRANTED authorization summary","status":"passed","title":"carries NOT_GRANTED authorization summary","duration":5.5176470000001245,"failureMessages":[],"meta":{},"tags":[]},{"ancestorTitles":["workflow state — empty project"],"fullName":"workflow state — empty project shows WF-01 as BLOCKED stub and WF-02 as AVAILABLE","status":"passed","title":"shows WF-01 as BLOCKED stub and WF-02 as AVAILABLE","duration":14.195619999999963,"failureMessages":[],"meta":{},"tags":[]},{"ancestorTitles":["workflow state — empty project"],"fullName":"workflow state — empty project keeps future stubs BLOCKED but does not block WF-02+","status":"passed","title":"keeps future stubs BLOCKED but does not block WF-02+","duration":26.179388000000017,"failureMessages":[],"meta":{},"tags":[]},{"ancestorTitles":["workflow state — empty project"],"fullName":"workflow state — empty project does not mark un-generated steps as STALE","status":"passed","title":"does not mark un-generated steps as STALE","duration":4.626717999999983,"failureMessages":[],"meta":{},"tags":[]},{"ancestorTitles":["workflow state — empty project"],"fullName":"workflow state — empty project recommends exactly one step (WF-02, the first actionable)","status":"passed","title":"recommends exactly one step (WF-02, the first actionable)","duration":3.6775890000001255,"failureMessages":[],"meta":{},"tags":[]},{"ancestorTitles":["workflow state — partial / invalid / corrupt input"],"fullName":"workflow state — partial / invalid / corrupt input classifies partial input as INCOMPLETE (promoted to RECOMMENDED when recommended)","status":"passed","title":"classifies partial input as INCOMPLETE (promoted to RECOMMENDED when recommended)","duration":8.385553999999956,"failureMessages":[],"meta":{},"tags":[]},{"ancestorTitles":["workflow state — partial / invalid / corrupt input"],"fullName":"workflow state — partial / invalid / corrupt input classifies invalid input as BLOCKED with WF_INPUT_INVALID","status":"passed","title":"classifies invalid input as BLOCKED with WF_INPUT_INVALID","duration":11.577326999999968,"failureMessages":[],"meta":{},"tags":[]},{"ancestorTitles":["workflow state — partial / invalid / corrupt input"],"fullName":"workflow state — partial / invalid / corrupt input classifies corrupted persisted data as ERROR","status":"passed","title":"classifies corrupted persisted data as ERROR","duration":0.7127379999999448,"failureMessages":[],"meta":{},"tags":[]},{"ancestorTitles":["workflow state — valid generated project"],"fullName":"workflow state — valid generated project marks input/section/quantity/report/drawing/output COMPLETE + NOT_AUTHORIZED","status":"passed","title":"marks input/section/quantity/report/drawing/output COMPLETE + NOT_AUTHORIZED","duration":115.6912400000001,"failureMessages":[],"meta":{},"tags":[]},{"ancestorTitles":["workflow state — valid generated project"],"fullName":"workflow state — valid generated project keeps development PARTIAL steps from false COMPLETE (analysis/demand)","status":"passed","title":"keeps development PARTIAL steps from false COMPLETE (analysis/demand)","duration":36.18059599999992,"failureMessages":[],"meta":{},"tags":[]},{"ancestorTitles":["workflow state — valid generated project"],"fullName":"workflow state — valid generated project keeps WF-03/WF-05/WF-06 as future BLOCKED stubs (no false complete)","status":"passed","title":"keeps WF-03/WF-05/WF-06 as future BLOCKED stubs (no false complete)","duration":50.070485999999846,"failureMessages":[],"meta":{},"tags":[]},{"ancestorTitles":["workflow state — valid generated project"],"fullName":"workflow state — valid generated project attaches LOCAL_CRS_LEGACY warning to non-governance steps","status":"passed","title":"attaches LOCAL_CRS_LEGACY warning to non-governance steps","duration":20.10893400000009,"failureMessages":[],"meta":{},"tags":[]},{"ancestorTitles":["workflow state — valid generated project"],"fullName":"workflow state — valid generated project reports progress counts","status":"passed","title":"reports progress counts","duration":16.689527,"failureMessages":[],"meta":{},"tags":[]},{"ancestorTitles":["workflow state — STALE propagation (OutputIntegration parity)"],"fullName":"workflow state — STALE propagation (OutputIntegration parity) mutating bridge input after generation makes dependent steps STALE","status":"passed","title":"mutating bridge input after generation makes dependent steps STALE","duration":142.42463199999997,"failureMessages":[],"meta":{},"tags":[]},{"ancestorTitles":["workflow state — STALE propagation (OutputIntegration parity)"],"fullName":"workflow state — STALE propagation (OutputIntegration parity) prefers STALE regeneration in the recommended step","status":"passed","title":"prefers STALE regeneration in the recommended step","duration":17.366226000000097,"failureMessages":[],"meta":{},"tags":[]},{"ancestorTitles":["workflow state — STALE propagation (OutputIntegration parity)"],"fullName":"workflow state — STALE propagation (OutputIntegration parity) regeneration restores current state","status":"passed","title":"regeneration restores current state","duration":17.278692999999976,"failureMessages":[],"meta":{},"tags":[]},{"ancestorTitles":["workflow state — WF-15 user acknowledgment"],"fullName":"workflow state — WF-15 user acknowledgment requires explicit human acknowledgment; never auto-completes","status":"passed","title":"requires explicit human acknowledgment; never auto-completes","duration":20.936421999999993,"failureMessages":[],"meta":{},"tags":[]},{"ancestorTitles":["workflow state — WF-15 user acknowledgment"],"fullName":"workflow state — WF-15 user acknowledgment ack is checksum-bound: input mutation invalidates it","status":"passed","title":"ack is checksum-bound: input mutation invalidates it","duration":49.42455500000028,"failureMessages":[],"meta":{},"tags":[]},{"ancestorTitles":["pure evaluator — statuses & priority"],"fullName":"pure evaluator — statuses & priority resolves COMPLETE with NOT_AUTHORIZED badge without overriding","status":"passed","title":"resolves COMPLETE with NOT_AUTHORIZED badge without overriding","duration":0.23605999999972482,"failureMessages":[],"meta":{},"tags":[]},{"ancestorTitles":["pure evaluator — statuses & priority"],"fullName":"pure evaluator — statuses & priority resolves BLOCKED for PLANNED capability","status":"passed","title":"resolves BLOCKED for PLANNED capability","duration":0.20434800000020914,"failureMessages":[],"meta":{},"tags":[]},{"ancestorTitles":["pure evaluator — statuses & priority"],"fullName":"pure evaluator — statuses & priority resolves ERROR for corrupted data","status":"passed","title":"resolves ERROR for corrupted data","duration":0.10479699999996228,"failureMessages":[],"meta":{},"tags":[]},{"ancestorTitles":["pure evaluator — statuses & priority"],"fullName":"pure evaluator — statuses & priority resolves OUT_OF_SCOPE for out-of-scope capability","status":"passed","title":"resolves OUT_OF_SCOPE for out-of-scope capability","duration":0.10666099999980361,"failureMessages":[],"meta":{},"tags":[]},{"ancestorTitles":["pure evaluator — statuses & priority"],"fullName":"pure evaluator — statuses & priority resolves NOT_STARTED when prerequisites are not satisfied","status":"passed","title":"resolves NOT_STARTED when prerequisites are not satisfied","duration":0.19729800000004616,"failureMessages":[],"meta":{},"tags":[]},{"ancestorTitles":["pure evaluator — statuses & priority"],"fullName":"pure evaluator — statuses & priority resolves STALE over READY (priority)","status":"passed","title":"resolves STALE over READY (priority)","duration":0.11696399999982532,"failureMessages":[],"meta":{},"tags":[]},{"ancestorTitles":["pure evaluator — statuses & priority"],"fullName":"pure evaluator — statuses & priority resolves BLOCKED over STALE for invalid input (priority)","status":"passed","title":"resolves BLOCKED over STALE for invalid input (priority)","duration":0.11781599999994796,"failureMessages":[],"meta":{},"tags":[]},{"ancestorTitles":["pure evaluator — statuses & priority"],"fullName":"pure evaluator — statuses & priority resolves WARNING badge when non-blocking warnings exist","status":"passed","title":"resolves WARNING badge when non-blocking warnings exist","duration":0.3394020000000637,"failureMessages":[],"meta":{},"tags":[]},{"ancestorTitles":["recommended action"],"fullName":"recommended action returns at most one recommended step","status":"passed","title":"returns at most one recommended step","duration":0.14954100000022663,"failureMessages":[],"meta":{},"tags":[]},{"ancestorTitles":["recommended action"],"fullName":"recommended action prefers STALE upstream regeneration","status":"passed","title":"prefers STALE upstream regeneration","duration":0.1506720000002133,"failureMessages":[],"meta":{},"tags":[]},{"ancestorTitles":["recommended action"],"fullName":"recommended action returns null when nothing is actionable","status":"passed","title":"returns null when nothing is actionable","duration":0.1803180000001703,"failureMessages":[],"meta":{},"tags":[]},{"ancestorTitles":["recommended action"],"fullName":"recommended action skips ERROR / BLOCKED / OUT_OF_SCOPE","status":"passed","title":"skips ERROR / BLOCKED / OUT_OF_SCOPE","duration":0.14978100000007544,"failureMessages":[],"meta":{},"tags":[]},{"ancestorTitles":["resolveBaseStatus — fixture matrix parity"],"fullName":"resolveBaseStatus — fixture matrix parity does not report un-generated as STALE (false STALE guard)","status":"passed","title":"does not report un-generated as STALE (false STALE guard)","duration":0.2207659999999123,"failureMessages":[],"meta":{},"tags":[]}],"startTime":1785757391249,"endTime":1785757391829.2207,"status":"passed","message":"","name":"/home/masaharu/Projects/spacer-clone/frontend/src/apollo/workflow/__tests__/workflowState.test.ts"}]}
